mode: set
github.com/sven-seyfert/apiprobe/internal/auth/token.go:11.34,15.2 1 0
github.com/sven-seyfert/apiprobe/internal/auth/token.go:19.49,20.37 1 0
github.com/sven-seyfert/apiprobe/internal/auth/token.go:20.37,22.3 1 0
github.com/sven-seyfert/apiprobe/internal/auth/token.go:24.2,26.13 2 0
github.com/sven-seyfert/apiprobe/internal/auth/token.go:31.52,32.35 1 0
github.com/sven-seyfert/apiprobe/internal/auth/token.go:32.35,34.3 1 0
github.com/sven-seyfert/apiprobe/internal/auth/token.go:36.2,36.18 1 0
github.com/sven-seyfert/apiprobe/internal/db/sqlite.go:19.35,22.16 2 0
github.com/sven-seyfert/apiprobe/internal/db/sqlite.go:22.16,26.3 2 0
github.com/sven-seyfert/apiprobe/internal/db/sqlite.go:29.2,36.16 3 0
github.com/sven-seyfert/apiprobe/internal/db/sqlite.go:36.16,40.3 2 0
github.com/sven-seyfert/apiprobe/internal/db/sqlite.go:42.2,42.18 1 0
github.com/sven-seyfert/apiprobe/internal/db/sqlite.go:48.46,51.16 2 0
github.com/sven-seyfert/apiprobe/internal/db/sqlite.go:51.16,53.3 1 0
github.com/sven-seyfert/apiprobe/internal/db/sqlite.go:55.2,55.15 1 0
github.com/sven-seyfert/apiprobe/internal/db/sqlite.go:55.15,57.3 1 0
github.com/sven-seyfert/apiprobe/internal/db/sqlite.go:60.2,61.16 2 0
github.com/sven-seyfert/apiprobe/internal/db/sqlite.go:61.16,63.3 1 0
github.com/sven-seyfert/apiprobe/internal/db/sqlite.go:65.2,68.16 3 0
github.com/sven-seyfert/apiprobe/internal/db/sqlite.go:68.16,72.3 2 0
github.com/sven-seyfert/apiprobe/internal/db/sqlite.go:74.2,74.12 1 0
github.com/sven-seyfert/apiprobe/internal/db/sqlite.go:79.57,86.45 3 0
github.com/sven-seyfert/apiprobe/internal/db/sqlite.go:86.45,90.4 2 0
github.com/sven-seyfert/apiprobe/internal/db/sqlite.go:92.2,92.16 1 0
github.com/sven-seyfert/apiprobe/internal/db/sqlite.go:92.16,96.3 2 0
github.com/sven-seyfert/apiprobe/internal/db/sqlite.go:98.2,98.19 1 0
github.com/sven-seyfert/apiprobe/internal/db/sqlite.go:103.37,105.16 2 0
github.com/sven-seyfert/apiprobe/internal/db/sqlite.go:105.16,109.3 2 0
github.com/sven-seyfert/apiprobe/internal/db/sqlite.go:110.2,116.6 4 0
github.com/sven-seyfert/apiprobe/internal/db/sqlite.go:116.6,118.24 2 0
github.com/sven-seyfert/apiprobe/internal/db/sqlite.go:118.24,119.9 1 0
github.com/sven-seyfert/apiprobe/internal/db/sqlite.go:122.3,122.21 1 0
github.com/sven-seyfert/apiprobe/internal/db/sqlite.go:122.21,126.4 2 0
github.com/sven-seyfert/apiprobe/internal/db/sqlite.go:128.3,130.69 3 0
github.com/sven-seyfert/apiprobe/internal/db/sqlite.go:133.2,136.27 3 0
github.com/sven-seyfert/apiprobe/internal/db/sqlite.go:141.72,143.16 2 0
github.com/sven-seyfert/apiprobe/internal/db/sqlite.go:143.16,147.3 2 0
github.com/sven-seyfert/apiprobe/internal/db/sqlite.go:149.2,149.15 1 0
github.com/sven-seyfert/apiprobe/internal/db/sqlite.go:149.15,150.40 1 0
github.com/sven-seyfert/apiprobe/internal/db/sqlite.go:150.40,152.4 1 0
github.com/sven-seyfert/apiprobe/internal/db/sqlite.go:155.2,158.38 3 0
github.com/sven-seyfert/apiprobe/internal/db/sqlite.go:158.38,162.3 2 0
github.com/sven-seyfert/apiprobe/internal/db/sqlite.go:164.2,164.12 1 0
github.com/sven-seyfert/apiprobe/internal/db/sqlite.go:170.65,172.16 2 0
github.com/sven-seyfert/apiprobe/internal/db/sqlite.go:172.16,176.3 2 0
github.com/sven-seyfert/apiprobe/internal/db/sqlite.go:178.2,178.15 1 0
github.com/sven-seyfert/apiprobe/internal/db/sqlite.go:178.15,179.40 1 0
github.com/sven-seyfert/apiprobe/internal/db/sqlite.go:179.40,181.4 1 0
github.com/sven-seyfert/apiprobe/internal/db/sqlite.go:184.2,187.16 3 0
github.com/sven-seyfert/apiprobe/internal/db/sqlite.go:187.16,191.3 2 0
github.com/sven-seyfert/apiprobe/internal/db/sqlite.go:193.2,193.13 1 0
github.com/sven-seyfert/apiprobe/internal/db/sqlite.go:193.13,195.3 1 0
github.com/sven-seyfert/apiprobe/internal/db/sqlite.go:197.2,199.20 2 0
github.com/sven-seyfert/apiprobe/internal/config/config.go:32.45,34.16 2 0
github.com/sven-seyfert/apiprobe/internal/config/config.go:34.16,38.3 2 0
github.com/sven-seyfert/apiprobe/internal/config/config.go:39.2,45.44 4 0
github.com/sven-seyfert/apiprobe/internal/config/config.go:45.44,49.3 2 0
github.com/sven-seyfert/apiprobe/internal/config/config.go:51.2,51.18 1 0
github.com/sven-seyfert/apiprobe/internal/diff/diff.go:15.76,17.16 2 0
github.com/sven-seyfert/apiprobe/internal/diff/diff.go:17.16,19.3 1 0
github.com/sven-seyfert/apiprobe/internal/diff/diff.go:21.2,26.16 4 0
github.com/sven-seyfert/apiprobe/internal/diff/diff.go:26.16,30.3 2 0
github.com/sven-seyfert/apiprobe/internal/diff/diff.go:32.2,34.25 2 0
github.com/sven-seyfert/apiprobe/internal/diff/diff.go:34.25,38.3 2 0
github.com/sven-seyfert/apiprobe/internal/diff/diff.go:40.2,42.68 2 0
github.com/sven-seyfert/apiprobe/internal/diff/diff.go:42.68,44.3 1 0
github.com/sven-seyfert/apiprobe/internal/diff/diff.go:46.2,46.18 1 0
github.com/sven-seyfert/apiprobe/main.go:27.13,28.38 1 0
github.com/sven-seyfert/apiprobe/main.go:28.38,32.3 2 0
github.com/sven-seyfert/apiprobe/main.go:34.2,35.16 2 0
github.com/sven-seyfert/apiprobe/main.go:35.16,39.3 2 0
github.com/sven-seyfert/apiprobe/main.go:40.2,46.16 4 0
github.com/sven-seyfert/apiprobe/main.go:46.16,50.3 2 0
github.com/sven-seyfert/apiprobe/main.go:53.2,54.28 2 0
github.com/sven-seyfert/apiprobe/main.go:54.28,56.3 1 0
github.com/sven-seyfert/apiprobe/main.go:58.2,59.28 2 0
github.com/sven-seyfert/apiprobe/main.go:59.28,61.3 1 0
github.com/sven-seyfert/apiprobe/main.go:63.2,64.28 2 0
github.com/sven-seyfert/apiprobe/main.go:64.28,66.3 1 0
github.com/sven-seyfert/apiprobe/main.go:69.2,70.16 2 0
github.com/sven-seyfert/apiprobe/main.go:70.16,74.3 2 0
github.com/sven-seyfert/apiprobe/main.go:77.2,78.16 2 0
github.com/sven-seyfert/apiprobe/main.go:78.16,82.3 2 0
github.com/sven-seyfert/apiprobe/main.go:85.2,89.14 3 0
github.com/sven-seyfert/apiprobe/main.go:89.14,91.3 1 0
github.com/sven-seyfert/apiprobe/main.go:94.2,95.16 2 0
github.com/sven-seyfert/apiprobe/main.go:95.16,99.3 2 0
github.com/sven-seyfert/apiprobe/main.go:103.2,103.39 1 0
github.com/sven-seyfert/apiprobe/main.go:103.39,104.46 1 0
github.com/sven-seyfert/apiprobe/main.go:104.46,106.4 1 0
github.com/sven-seyfert/apiprobe/main.go:108.3,108.50 1 0
github.com/sven-seyfert/apiprobe/main.go:108.50,110.4 1 0
github.com/sven-seyfert/apiprobe/main.go:114.2,115.16 2 0
github.com/sven-seyfert/apiprobe/main.go:115.16,119.3 2 0
github.com/sven-seyfert/apiprobe/main.go:122.2,132.63 5 0
github.com/sven-seyfert/apiprobe/main.go:142.36,146.33 3 0
github.com/sven-seyfert/apiprobe/main.go:146.33,147.23 1 0
github.com/sven-seyfert/apiprobe/main.go:147.23,151.4 2 0
github.com/sven-seyfert/apiprobe/main.go:153.3,153.14 1 0
github.com/sven-seyfert/apiprobe/main.go:153.14,155.4 1 0
github.com/sven-seyfert/apiprobe/main.go:157.3,159.29 2 0
github.com/sven-seyfert/apiprobe/main.go:159.29,161.4 1 0
github.com/sven-seyfert/apiprobe/main.go:164.3,167.54 2 0
github.com/sven-seyfert/apiprobe/main.go:167.54,168.64 1 0
github.com/sven-seyfert/apiprobe/main.go:168.64,169.13 1 0
github.com/sven-seyfert/apiprobe/main.go:172.4,174.33 2 0
github.com/sven-seyfert/apiprobe/main.go:174.33,176.5 1 0
github.com/sven-seyfert/apiprobe/main.go:178.4,178.35 1 0
github.com/sven-seyfert/apiprobe/main.go:178.35,180.5 1 0
github.com/sven-seyfert/apiprobe/main.go:182.4,183.48 2 0
github.com/sven-seyfert/apiprobe/main.go:187.2,187.17 1 0
github.com/sven-seyfert/apiprobe/main.go:193.101,198.47 3 0
github.com/sven-seyfert/apiprobe/main.go:198.47,199.60 1 0
github.com/sven-seyfert/apiprobe/main.go:199.60,200.12 1 0
github.com/sven-seyfert/apiprobe/main.go:203.3,203.54 1 0
github.com/sven-seyfert/apiprobe/main.go:203.54,210.9 4 0
github.com/sven-seyfert/apiprobe/main.go:213.3,213.66 1 0
github.com/sven-seyfert/apiprobe/internal/crypto/obfuscator.go:16.36,21.2 3 0
github.com/sven-seyfert/apiprobe/internal/crypto/obfuscator.go:24.38,25.16 1 0
github.com/sven-seyfert/apiprobe/internal/crypto/obfuscator.go:25.16,27.3 1 0
github.com/sven-seyfert/apiprobe/internal/crypto/obfuscator.go:29.2,33.16 4 0
github.com/sven-seyfert/apiprobe/internal/crypto/obfuscator.go:33.16,37.3 2 0
github.com/sven-seyfert/apiprobe/internal/crypto/obfuscator.go:39.2,39.27 1 0
github.com/sven-seyfert/apiprobe/internal/crypto/obfuscator.go:43.31,48.30 3 0
github.com/sven-seyfert/apiprobe/internal/crypto/obfuscator.go:48.30,52.3 2 0
github.com/sven-seyfert/apiprobe/internal/crypto/obfuscator.go:54.2,54.27 1 0
github.com/sven-seyfert/apiprobe/internal/crypto/obfuscator.go:59.32,65.42 4 0
github.com/sven-seyfert/apiprobe/internal/crypto/obfuscator.go:65.42,67.3 1 0
github.com/sven-seyfert/apiprobe/internal/crypto/obfuscator.go:69.2,71.32 2 0
github.com/sven-seyfert/apiprobe/internal/crypto/secrets.go:19.108,20.39 1 0
github.com/sven-seyfert/apiprobe/internal/crypto/secrets.go:20.39,22.17 2 0
github.com/sven-seyfert/apiprobe/internal/crypto/secrets.go:22.17,24.4 1 0
github.com/sven-seyfert/apiprobe/internal/crypto/secrets.go:26.3,29.17 3 0
github.com/sven-seyfert/apiprobe/internal/crypto/secrets.go:29.17,31.4 1 0
github.com/sven-seyfert/apiprobe/internal/crypto/secrets.go:33.3,35.71 2 0
github.com/sven-seyfert/apiprobe/internal/crypto/secrets.go:35.71,37.4 1 0
github.com/sven-seyfert/apiprobe/internal/crypto/secrets.go:39.3,39.72 1 0
github.com/sven-seyfert/apiprobe/internal/crypto/secrets.go:39.72,41.4 1 0
github.com/sven-seyfert/apiprobe/internal/crypto/secrets.go:43.3,43.70 1 0
github.com/sven-seyfert/apiprobe/internal/crypto/secrets.go:43.70,45.4 1 0
github.com/sven-seyfert/apiprobe/internal/crypto/secrets.go:48.2,48.30 1 0
github.com/sven-seyfert/apiprobe/internal/crypto/secrets.go:55.75,58.42 2 0
github.com/sven-seyfert/apiprobe/internal/crypto/secrets.go:58.42,60.3 1 0
github.com/sven-seyfert/apiprobe/internal/crypto/secrets.go:62.2,64.22 2 0
github.com/sven-seyfert/apiprobe/internal/crypto/secrets.go:64.22,68.3 2 0
github.com/sven-seyfert/apiprobe/internal/crypto/secrets.go:70.2,71.16 2 0
github.com/sven-seyfert/apiprobe/internal/crypto/secrets.go:71.16,75.3 2 0
github.com/sven-seyfert/apiprobe/internal/crypto/secrets.go:77.2,77.18 1 0
github.com/sven-seyfert/apiprobe/internal/crypto/secrets.go:77.18,82.3 3 0
github.com/sven-seyfert/apiprobe/internal/crypto/secrets.go:84.2,86.17 2 0
github.com/sven-seyfert/apiprobe/internal/crypto/secrets.go:92.71,93.33 1 0
github.com/sven-seyfert/apiprobe/internal/crypto/secrets.go:93.33,95.17 2 0
github.com/sven-seyfert/apiprobe/internal/crypto/secrets.go:95.17,97.4 1 0
github.com/sven-seyfert/apiprobe/internal/crypto/secrets.go:99.3,99.25 1 0
github.com/sven-seyfert/apiprobe/internal/crypto/secrets.go:102.2,102.12 1 0
github.com/sven-seyfert/apiprobe/internal/crypto/secrets.go:108.86,109.29 1 0
github.com/sven-seyfert/apiprobe/internal/crypto/secrets.go:109.29,114.32 3 0
github.com/sven-seyfert/apiprobe/internal/crypto/secrets.go:114.32,116.18 2 0
github.com/sven-seyfert/apiprobe/internal/crypto/secrets.go:116.18,120.5 2 0
github.com/sven-seyfert/apiprobe/internal/crypto/secrets.go:123.3,123.34 1 0
github.com/sven-seyfert/apiprobe/internal/crypto/secrets.go:123.34,125.18 2 0
github.com/sven-seyfert/apiprobe/internal/crypto/secrets.go:125.18,129.5 2 0
github.com/sven-seyfert/apiprobe/internal/crypto/secrets.go:133.2,133.12 1 0
github.com/sven-seyfert/apiprobe/internal/crypto/secrets.go:139.45,143.22 3 0
github.com/sven-seyfert/apiprobe/internal/crypto/secrets.go:143.22,147.3 2 0
github.com/sven-seyfert/apiprobe/internal/crypto/secrets.go:149.2,149.19 1 0
github.com/sven-seyfert/apiprobe/internal/logger/logger.go:16.19,22.58 5 0
github.com/sven-seyfert/apiprobe/internal/logger/logger.go:22.58,26.3 2 0
github.com/sven-seyfert/apiprobe/internal/logger/logger.go:29.2,36.16 5 0
github.com/sven-seyfert/apiprobe/internal/logger/logger.go:36.16,40.3 2 0
github.com/sven-seyfert/apiprobe/internal/logger/logger.go:43.2,45.12 2 0
github.com/sven-seyfert/apiprobe/internal/logger/logger.go:49.16,55.2 4 0
github.com/sven-seyfert/apiprobe/internal/logger/logger.go:58.49,60.2 1 0
github.com/sven-seyfert/apiprobe/internal/logger/logger.go:63.49,65.2 1 0
github.com/sven-seyfert/apiprobe/internal/logger/logger.go:68.48,70.2 1 0
github.com/sven-seyfert/apiprobe/internal/logger/logger.go:73.48,75.2 1 0
github.com/sven-seyfert/apiprobe/internal/logger/logger.go:78.49,80.2 1 0
github.com/sven-seyfert/apiprobe/internal/logger/logger.go:84.26,88.9 3 0
github.com/sven-seyfert/apiprobe/internal/logger/logger.go:88.9,90.3 1 0
github.com/sven-seyfert/apiprobe/internal/logger/logger.go:92.2,92.60 1 0
github.com/sven-seyfert/apiprobe/internal/flags/flags.go:29.23,30.22 1 0
github.com/sven-seyfert/apiprobe/internal/flags/flags.go:30.22,34.3 3 0
github.com/sven-seyfert/apiprobe/internal/flags/flags.go:36.2,78.17 10 0
github.com/sven-seyfert/apiprobe/internal/flags/flags.go:84.42,87.14 2 0
github.com/sven-seyfert/apiprobe/internal/flags/flags.go:87.14,89.3 1 0
github.com/sven-seyfert/apiprobe/internal/flags/flags.go:91.2,92.16 2 0
github.com/sven-seyfert/apiprobe/internal/flags/flags.go:92.16,96.3 2 0
github.com/sven-seyfert/apiprobe/internal/flags/flags.go:98.2,102.22 3 0
github.com/sven-seyfert/apiprobe/internal/flags/flags.go:108.46,111.16 2 0
github.com/sven-seyfert/apiprobe/internal/flags/flags.go:111.16,113.3 1 0
github.com/sven-seyfert/apiprobe/internal/flags/flags.go:115.2,116.16 2 0
github.com/sven-seyfert/apiprobe/internal/flags/flags.go:116.16,120.3 2 0
github.com/sven-seyfert/apiprobe/internal/flags/flags.go:122.2,122.54 1 0
github.com/sven-seyfert/apiprobe/internal/flags/flags.go:122.54,124.3 1 0
github.com/sven-seyfert/apiprobe/internal/flags/flags.go:126.2,128.22 2 0
github.com/sven-seyfert/apiprobe/internal/flags/flags.go:134.50,172.16 4 0
github.com/sven-seyfert/apiprobe/internal/flags/flags.go:172.16,176.3 2 0
github.com/sven-seyfert/apiprobe/internal/flags/flags.go:178.2,182.16 4 0
github.com/sven-seyfert/apiprobe/internal/flags/flags.go:182.16,186.3 2 0
github.com/sven-seyfert/apiprobe/internal/flags/flags.go:188.2,188.12 1 0
github.com/sven-seyfert/apiprobe/internal/flags/flags.go:194.71,197.23 2 0
github.com/sven-seyfert/apiprobe/internal/flags/flags.go:197.23,199.3 1 0
github.com/sven-seyfert/apiprobe/internal/flags/flags.go:201.2,202.16 2 0
github.com/sven-seyfert/apiprobe/internal/flags/flags.go:202.16,206.3 2 0
github.com/sven-seyfert/apiprobe/internal/flags/flags.go:208.2,211.16 3 0
github.com/sven-seyfert/apiprobe/internal/flags/flags.go:211.16,213.3 1 0
github.com/sven-seyfert/apiprobe/internal/flags/flags.go:215.2,215.66 1 0
github.com/sven-seyfert/apiprobe/internal/flags/flags.go:215.66,217.3 1 0
github.com/sven-seyfert/apiprobe/internal/flags/flags.go:219.2,220.16 2 0
github.com/sven-seyfert/apiprobe/internal/flags/flags.go:220.16,222.3 1 0
github.com/sven-seyfert/apiprobe/internal/flags/flags.go:224.2,230.22 3 0
github.com/sven-seyfert/apiprobe/internal/fileutil/file.go:11.48,12.55 1 0
github.com/sven-seyfert/apiprobe/internal/fileutil/file.go:12.55,13.52 1 0
github.com/sven-seyfert/apiprobe/internal/fileutil/file.go:13.52,15.4 1 0
github.com/sven-seyfert/apiprobe/internal/fileutil/file.go:17.3,17.57 1 0
github.com/sven-seyfert/apiprobe/internal/fileutil/file.go:17.57,19.4 1 0
github.com/sven-seyfert/apiprobe/internal/fileutil/file.go:22.2,22.12 1 0
github.com/sven-seyfert/apiprobe/internal/fileutil/file.go:27.62,30.70 2 0
github.com/sven-seyfert/apiprobe/internal/fileutil/file.go:30.70,34.3 2 0
github.com/sven-seyfert/apiprobe/internal/fileutil/file.go:36.2,36.12 1 0
github.com/sven-seyfert/apiprobe/internal/fileutil/path.go:17.77,23.26 4 0
github.com/sven-seyfert/apiprobe/internal/fileutil/path.go:23.26,25.3 1 0
github.com/sven-seyfert/apiprobe/internal/fileutil/path.go:25.8,27.3 1 0
github.com/sven-seyfert/apiprobe/internal/fileutil/path.go:29.2,29.39 1 0
github.com/sven-seyfert/apiprobe/internal/fileutil/path.go:34.47,37.75 2 0
github.com/sven-seyfert/apiprobe/internal/fileutil/path.go:37.75,41.3 2 0
github.com/sven-seyfert/apiprobe/internal/fileutil/path.go:43.2,43.12 1 0
github.com/sven-seyfert/apiprobe/internal/loader/filter.go:13.83,14.22 1 0
github.com/sven-seyfert/apiprobe/internal/loader/filter.go:14.22,16.3 1 0
github.com/sven-seyfert/apiprobe/internal/loader/filter.go:18.2,21.28 3 0
github.com/sven-seyfert/apiprobe/internal/loader/filter.go:21.28,23.15 2 0
github.com/sven-seyfert/apiprobe/internal/loader/filter.go:23.15,25.4 1 0
github.com/sven-seyfert/apiprobe/internal/loader/filter.go:28.2,30.31 2 0
github.com/sven-seyfert/apiprobe/internal/loader/filter.go:30.31,31.45 1 0
github.com/sven-seyfert/apiprobe/internal/loader/filter.go:31.45,33.4 1 0
github.com/sven-seyfert/apiprobe/internal/loader/filter.go:36.2,36.25 1 0
github.com/sven-seyfert/apiprobe/internal/loader/filter.go:42.91,43.24 1 0
github.com/sven-seyfert/apiprobe/internal/loader/filter.go:43.24,47.3 2 0
github.com/sven-seyfert/apiprobe/internal/loader/filter.go:50.2,50.14 1 0
github.com/sven-seyfert/apiprobe/internal/loader/filter.go:50.14,51.50 1 0
github.com/sven-seyfert/apiprobe/internal/loader/filter.go:51.50,53.4 1 0
github.com/sven-seyfert/apiprobe/internal/loader/filter.go:55.3,57.24 2 0
github.com/sven-seyfert/apiprobe/internal/loader/filter.go:61.2,61.16 1 0
github.com/sven-seyfert/apiprobe/internal/loader/filter.go:61.16,65.32 3 0
github.com/sven-seyfert/apiprobe/internal/loader/filter.go:65.32,67.17 2 0
github.com/sven-seyfert/apiprobe/internal/loader/filter.go:67.17,69.5 1 0
github.com/sven-seyfert/apiprobe/internal/loader/filter.go:72.3,73.32 2 0
github.com/sven-seyfert/apiprobe/internal/loader/filter.go:73.32,75.4 1 0
github.com/sven-seyfert/apiprobe/internal/loader/filter.go:77.3,79.24 2 0
github.com/sven-seyfert/apiprobe/internal/loader/filter.go:83.2,83.24 1 0
github.com/sven-seyfert/apiprobe/internal/loader/filter.go:88.64,89.31 1 0
github.com/sven-seyfert/apiprobe/internal/loader/filter.go:89.31,90.19 1 0
github.com/sven-seyfert/apiprobe/internal/loader/filter.go:90.19,92.4 1 0
github.com/sven-seyfert/apiprobe/internal/loader/filter.go:95.2,95.12 1 0
github.com/sven-seyfert/apiprobe/internal/loader/filter.go:100.78,103.31 2 0
github.com/sven-seyfert/apiprobe/internal/loader/filter.go:103.31,105.3 1 0
github.com/sven-seyfert/apiprobe/internal/loader/filter.go:107.2,110.31 2 0
github.com/sven-seyfert/apiprobe/internal/loader/filter.go:110.31,111.32 1 0
github.com/sven-seyfert/apiprobe/internal/loader/filter.go:111.32,112.35 1 0
github.com/sven-seyfert/apiprobe/internal/loader/filter.go:112.35,115.10 2 0
github.com/sven-seyfert/apiprobe/internal/loader/filter.go:120.2,120.25 1 0
github.com/sven-seyfert/apiprobe/internal/loader/filter.go:127.108,130.43 2 0
github.com/sven-seyfert/apiprobe/internal/loader/filter.go:130.43,132.3 1 0
github.com/sven-seyfert/apiprobe/internal/loader/filter.go:134.2,140.47 4 0
github.com/sven-seyfert/apiprobe/internal/loader/filter.go:140.47,142.18 2 0
github.com/sven-seyfert/apiprobe/internal/loader/filter.go:142.18,143.12 1 0
github.com/sven-seyfert/apiprobe/internal/loader/filter.go:146.3,146.37 1 0
github.com/sven-seyfert/apiprobe/internal/loader/filter.go:146.37,150.4 2 0
github.com/sven-seyfert/apiprobe/internal/loader/filter.go:152.3,153.13 2 0
github.com/sven-seyfert/apiprobe/internal/loader/filter.go:153.13,157.4 2 0
github.com/sven-seyfert/apiprobe/internal/loader/filter.go:159.3,159.44 1 0
github.com/sven-seyfert/apiprobe/internal/loader/filter.go:163.2,165.44 2 0
github.com/sven-seyfert/apiprobe/internal/loader/filter.go:171.65,175.35 3 0
github.com/sven-seyfert/apiprobe/internal/loader/filter.go:175.35,176.20 1 0
github.com/sven-seyfert/apiprobe/internal/loader/filter.go:176.20,179.4 2 0
github.com/sven-seyfert/apiprobe/internal/loader/filter.go:182.2,182.15 1 0
github.com/sven-seyfert/apiprobe/internal/loader/loader.go:58.48,61.65 2 0
github.com/sven-seyfert/apiprobe/internal/loader/loader.go:61.65,65.3 2 0
github.com/sven-seyfert/apiprobe/internal/loader/loader.go:67.2,68.68 2 0
github.com/sven-seyfert/apiprobe/internal/loader/loader.go:68.68,72.3 2 0
github.com/sven-seyfert/apiprobe/internal/loader/loader.go:74.2,77.75 2 0
github.com/sven-seyfert/apiprobe/internal/loader/loader.go:77.75,79.3 1 0
github.com/sven-seyfert/apiprobe/internal/loader/loader.go:82.2,83.16 2 0
github.com/sven-seyfert/apiprobe/internal/loader/loader.go:83.16,85.3 1 0
github.com/sven-seyfert/apiprobe/internal/loader/loader.go:87.2,89.12 2 0
github.com/sven-seyfert/apiprobe/internal/loader/loader.go:96.52,97.33 1 0
github.com/sven-seyfert/apiprobe/internal/loader/loader.go:97.33,102.71 3 0
github.com/sven-seyfert/apiprobe/internal/loader/loader.go:102.71,105.12 2 0
github.com/sven-seyfert/apiprobe/internal/loader/loader.go:108.3,109.70 2 0
github.com/sven-seyfert/apiprobe/internal/loader/loader.go:109.70,113.4 2 0
github.com/sven-seyfert/apiprobe/internal/loader/loader.go:115.3,118.76 2 0
github.com/sven-seyfert/apiprobe/internal/loader/loader.go:118.76,119.12 1 0
github.com/sven-seyfert/apiprobe/internal/loader/loader.go:123.3,124.17 2 0
github.com/sven-seyfert/apiprobe/internal/loader/loader.go:124.17,126.4 1 0
github.com/sven-seyfert/apiprobe/internal/loader/loader.go:128.3,128.34 1 0
github.com/sven-seyfert/apiprobe/internal/loader/loader.go:131.2,131.12 1 0
github.com/sven-seyfert/apiprobe/internal/loader/loader.go:137.57,139.65 2 0
github.com/sven-seyfert/apiprobe/internal/loader/loader.go:139.65,143.3 2 0
github.com/sven-seyfert/apiprobe/internal/loader/loader.go:145.2,146.33 2 0
github.com/sven-seyfert/apiprobe/internal/loader/loader.go:146.33,148.3 1 0
github.com/sven-seyfert/apiprobe/internal/loader/loader.go:150.2,153.16 3 0
github.com/sven-seyfert/apiprobe/internal/loader/loader.go:153.16,157.3 2 0
github.com/sven-seyfert/apiprobe/internal/loader/loader.go:159.2,159.21 1 0
github.com/sven-seyfert/apiprobe/internal/loader/loader.go:164.49,170.33 4 0
github.com/sven-seyfert/apiprobe/internal/loader/loader.go:170.33,173.3 2 0
github.com/sven-seyfert/apiprobe/internal/loader/loader.go:175.2,175.28 1 0
github.com/sven-seyfert/apiprobe/internal/loader/loader.go:181.52,191.42 2 0
github.com/sven-seyfert/apiprobe/internal/loader/loader.go:191.42,193.3 1 0
github.com/sven-seyfert/apiprobe/internal/loader/loader.go:195.2,195.73 1 0
github.com/sven-seyfert/apiprobe/internal/loader/loader.go:195.73,199.75 2 0
github.com/sven-seyfert/apiprobe/internal/loader/loader.go:199.75,201.4 1 0
github.com/sven-seyfert/apiprobe/internal/loader/loader.go:203.3,203.48 1 0
github.com/sven-seyfert/apiprobe/internal/loader/loader.go:206.2,206.33 1 0
github.com/sven-seyfert/apiprobe/internal/loader/loader.go:206.33,208.3 1 0
github.com/sven-seyfert/apiprobe/internal/loader/loader.go:210.2,210.40 1 0
github.com/sven-seyfert/apiprobe/internal/loader/loader.go:210.40,212.3 1 0
github.com/sven-seyfert/apiprobe/internal/loader/loader.go:214.2,214.16 1 0
github.com/sven-seyfert/apiprobe/internal/loader/loader.go:219.47,224.83 3 0
github.com/sven-seyfert/apiprobe/internal/loader/loader.go:224.83,225.17 1 0
github.com/sven-seyfert/apiprobe/internal/loader/loader.go:225.17,229.4 2 0
github.com/sven-seyfert/apiprobe/internal/loader/loader.go:231.3,231.36 1 0
github.com/sven-seyfert/apiprobe/internal/loader/loader.go:231.36,233.22 2 0
github.com/sven-seyfert/apiprobe/internal/loader/loader.go:233.22,235.5 1 0
github.com/sven-seyfert/apiprobe/internal/loader/loader.go:237.4,237.47 1 0
github.com/sven-seyfert/apiprobe/internal/loader/loader.go:240.3,240.13 1 0
github.com/sven-seyfert/apiprobe/internal/loader/loader.go:243.2,243.22 1 0
github.com/sven-seyfert/apiprobe/internal/loader/loader.go:248.79,250.16 2 0
github.com/sven-seyfert/apiprobe/internal/loader/loader.go:250.16,254.3 2 0
github.com/sven-seyfert/apiprobe/internal/loader/loader.go:256.2,258.59 2 0
github.com/sven-seyfert/apiprobe/internal/loader/loader.go:258.59,262.3 2 0
github.com/sven-seyfert/apiprobe/internal/loader/loader.go:265.2,266.16 2 0
github.com/sven-seyfert/apiprobe/internal/loader/loader.go:266.16,270.3 2 0
github.com/sven-seyfert/apiprobe/internal/loader/loader.go:272.2,274.31 2 0
github.com/sven-seyfert/apiprobe/internal/loader/loader.go:274.31,277.3 2 0
github.com/sven-seyfert/apiprobe/internal/loader/loader.go:279.2,279.21 1 0
github.com/sven-seyfert/apiprobe/internal/report/notify.go:28.3,29.69 1 0
github.com/sven-seyfert/apiprobe/internal/report/notify.go:29.69,31.3 1 0
github.com/sven-seyfert/apiprobe/internal/report/notify.go:33.2,38.99 4 0
github.com/sven-seyfert/apiprobe/internal/report/notify.go:38.99,42.17 3 0
github.com/sven-seyfert/apiprobe/internal/report/notify.go:42.17,44.4 1 0
github.com/sven-seyfert/apiprobe/internal/report/notify.go:46.3,46.23 1 0
github.com/sven-seyfert/apiprobe/internal/report/notify.go:46.23,48.4 1 0
github.com/sven-seyfert/apiprobe/internal/report/notify.go:50.3,50.49 1 0
github.com/sven-seyfert/apiprobe/internal/report/notify.go:50.49,52.4 1 0
github.com/sven-seyfert/apiprobe/internal/report/notify.go:54.3,67.9 4 0
github.com/sven-seyfert/apiprobe/internal/report/notify.go:70.2,70.51 1 0
github.com/sven-seyfert/apiprobe/internal/report/notify.go:70.51,74.3 2 0
github.com/sven-seyfert/apiprobe/internal/report/notify.go:76.2,77.16 2 0
github.com/sven-seyfert/apiprobe/internal/report/notify.go:77.16,81.3 2 0
github.com/sven-seyfert/apiprobe/internal/report/notify.go:83.2,86.16 3 0
github.com/sven-seyfert/apiprobe/internal/report/notify.go:86.16,88.3 1 0
github.com/sven-seyfert/apiprobe/internal/report/notify.go:90.2,99.98 3 0
github.com/sven-seyfert/apiprobe/internal/report/notify.go:99.98,101.3 1 0
github.com/sven-seyfert/apiprobe/internal/report/notify.go:103.2,121.18 4 0
github.com/sven-seyfert/apiprobe/internal/report/notify.go:132.3,137.49 3 0
github.com/sven-seyfert/apiprobe/internal/report/notify.go:137.49,141.3 3 0
github.com/sven-seyfert/apiprobe/internal/report/notify.go:143.2,144.16 2 0
github.com/sven-seyfert/apiprobe/internal/report/notify.go:144.16,148.3 2 0
github.com/sven-seyfert/apiprobe/internal/report/notify.go:150.2,153.16 3 0
github.com/sven-seyfert/apiprobe/internal/report/notify.go:153.16,157.3 2 0
github.com/sven-seyfert/apiprobe/internal/report/notify.go:158.2,158.25 1 0
github.com/sven-seyfert/apiprobe/internal/report/report.go:20.48,22.2 1 0
github.com/sven-seyfert/apiprobe/internal/report/report.go:25.47,27.2 1 0
github.com/sven-seyfert/apiprobe/internal/report/report.go:30.48,32.2 1 0
github.com/sven-seyfert/apiprobe/internal/report/report.go:49.117,54.42 3 0
github.com/sven-seyfert/apiprobe/internal/report/report.go:54.42,56.3 1 0
github.com/sven-seyfert/apiprobe/internal/report/report.go:58.2,67.42 2 0
github.com/sven-seyfert/apiprobe/internal/report/report.go:72.52,74.16 2 0
github.com/sven-seyfert/apiprobe/internal/report/report.go:74.16,78.3 2 0
github.com/sven-seyfert/apiprobe/internal/report/report.go:79.2,84.41 4 0
github.com/sven-seyfert/apiprobe/internal/report/report.go:84.41,88.3 2 0
github.com/sven-seyfert/apiprobe/internal/report/report.go:90.2,90.12 1 0
github.com/sven-seyfert/apiprobe/internal/report/report.go:97.56,99.29 2 0
github.com/sven-seyfert/apiprobe/internal/report/report.go:99.29,101.3 1 0
github.com/sven-seyfert/apiprobe/internal/report/report.go:103.2,106.16 3 0
github.com/sven-seyfert/apiprobe/internal/report/report.go:106.16,110.3 2 0
github.com/sven-seyfert/apiprobe/internal/report/report.go:112.2,114.31 2 0
github.com/sven-seyfert/apiprobe/internal/report/report.go:120.52,124.16 3 0
github.com/sven-seyfert/apiprobe/internal/report/report.go:124.16,128.3 2 0
github.com/sven-seyfert/apiprobe/internal/report/report.go:129.2,136.43 5 0
github.com/sven-seyfert/apiprobe/internal/report/report.go:136.43,140.3 2 0
github.com/sven-seyfert/apiprobe/internal/report/report.go:142.2,142.12 1 0
github.com/sven-seyfert/apiprobe/internal/util/math.go:4.24,5.11 1 0
github.com/sven-seyfert/apiprobe/internal/util/math.go:5.11,7.3 1 0
github.com/sven-seyfert/apiprobe/internal/util/math.go:9.2,9.10 1 0
github.com/sven-seyfert/apiprobe/internal/util/querier.go:9.72,18.36 6 0
github.com/sven-seyfert/apiprobe/internal/util/querier.go:18.36,21.63 2 0
github.com/sven-seyfert/apiprobe/internal/util/querier.go:21.63,25.9 3 0
github.com/sven-seyfert/apiprobe/internal/util/querier.go:29.2,29.15 1 0
github.com/sven-seyfert/apiprobe/internal/util/querier.go:29.15,31.3 1 0
github.com/sven-seyfert/apiprobe/internal/util/querier.go:33.2,33.18 1 0
github.com/sven-seyfert/apiprobe/internal/util/string.go:7.38,13.2 4 0
github.com/sven-seyfert/apiprobe/internal/util/string.go:17.60,18.30 1 0
github.com/sven-seyfert/apiprobe/internal/util/string.go:18.30,19.72 1 0
github.com/sven-seyfert/apiprobe/internal/util/string.go:19.72,21.4 1 0
github.com/sven-seyfert/apiprobe/internal/util/string.go:24.2,24.14 1 0
github.com/sven-seyfert/apiprobe/internal/auth/token.go:11.34,15.2 1 0
github.com/sven-seyfert/apiprobe/internal/auth/token.go:19.49,20.37 1 0
github.com/sven-seyfert/apiprobe/internal/auth/token.go:20.37,22.3 1 0
github.com/sven-seyfert/apiprobe/internal/auth/token.go:24.2,26.13 2 0
github.com/sven-seyfert/apiprobe/internal/auth/token.go:31.52,32.35 1 0
github.com/sven-seyfert/apiprobe/internal/auth/token.go:32.35,34.3 1 0
github.com/sven-seyfert/apiprobe/internal/auth/token.go:36.2,36.18 1 0
github.com/sven-seyfert/apiprobe/internal/config/config.go:32.45,34.16 2 0
github.com/sven-seyfert/apiprobe/internal/config/config.go:34.16,38.3 2 0
github.com/sven-seyfert/apiprobe/internal/config/config.go:39.2,45.44 4 0
github.com/sven-seyfert/apiprobe/internal/config/config.go:45.44,49.3 2 0
github.com/sven-seyfert/apiprobe/internal/config/config.go:51.2,51.18 1 0
github.com/sven-seyfert/apiprobe/internal/crypto/obfuscator.go:16.36,21.2 3 0
github.com/sven-seyfert/apiprobe/internal/crypto/obfuscator.go:24.38,25.16 1 0
github.com/sven-seyfert/apiprobe/internal/crypto/obfuscator.go:25.16,27.3 1 0
github.com/sven-seyfert/apiprobe/internal/crypto/obfuscator.go:29.2,33.16 4 0
github.com/sven-seyfert/apiprobe/internal/crypto/obfuscator.go:33.16,37.3 2 0
github.com/sven-seyfert/apiprobe/internal/crypto/obfuscator.go:39.2,39.27 1 0
github.com/sven-seyfert/apiprobe/internal/crypto/obfuscator.go:43.31,48.30 3 0
github.com/sven-seyfert/apiprobe/internal/crypto/obfuscator.go:48.30,52.3 2 0
github.com/sven-seyfert/apiprobe/internal/crypto/obfuscator.go:54.2,54.27 1 0
github.com/sven-seyfert/apiprobe/internal/crypto/obfuscator.go:59.32,65.42 4 0
github.com/sven-seyfert/apiprobe/internal/crypto/obfuscator.go:65.42,67.3 1 0
github.com/sven-seyfert/apiprobe/internal/crypto/obfuscator.go:69.2,71.32 2 0
github.com/sven-seyfert/apiprobe/internal/crypto/secrets.go:19.108,20.39 1 0
github.com/sven-seyfert/apiprobe/internal/crypto/secrets.go:20.39,22.17 2 0
github.com/sven-seyfert/apiprobe/internal/crypto/secrets.go:22.17,24.4 1 0
github.com/sven-seyfert/apiprobe/internal/crypto/secrets.go:26.3,29.17 3 0
github.com/sven-seyfert/apiprobe/internal/crypto/secrets.go:29.17,31.4 1 0
github.com/sven-seyfert/apiprobe/internal/crypto/secrets.go:33.3,35.71 2 0
github.com/sven-seyfert/apiprobe/internal/crypto/secrets.go:35.71,37.4 1 0
github.com/sven-seyfert/apiprobe/internal/crypto/secrets.go:39.3,39.72 1 0
github.com/sven-seyfert/apiprobe/internal/crypto/secrets.go:39.72,41.4 1 0
github.com/sven-seyfert/apiprobe/internal/crypto/secrets.go:43.3,43.70 1 0
github.com/sven-seyfert/apiprobe/internal/crypto/secrets.go:43.70,45.4 1 0
github.com/sven-seyfert/apiprobe/internal/crypto/secrets.go:48.2,48.30 1 0
github.com/sven-seyfert/apiprobe/internal/crypto/secrets.go:55.75,58.42 2 0
github.com/sven-seyfert/apiprobe/internal/crypto/secrets.go:58.42,60.3 1 0
github.com/sven-seyfert/apiprobe/internal/crypto/secrets.go:62.2,64.22 2 0
github.com/sven-seyfert/apiprobe/internal/crypto/secrets.go:64.22,68.3 2 0
github.com/sven-seyfert/apiprobe/internal/crypto/secrets.go:70.2,71.16 2 0
github.com/sven-seyfert/apiprobe/internal/crypto/secrets.go:71.16,75.3 2 0
github.com/sven-seyfert/apiprobe/internal/crypto/secrets.go:77.2,77.18 1 0
github.com/sven-seyfert/apiprobe/internal/crypto/secrets.go:77.18,82.3 3 0
github.com/sven-seyfert/apiprobe/internal/crypto/secrets.go:84.2,86.17 2 0
github.com/sven-seyfert/apiprobe/internal/crypto/secrets.go:92.71,93.33 1 0
github.com/sven-seyfert/apiprobe/internal/crypto/secrets.go:93.33,95.17 2 0
github.com/sven-seyfert/apiprobe/internal/crypto/secrets.go:95.17,97.4 1 0
github.com/sven-seyfert/apiprobe/internal/crypto/secrets.go:99.3,99.25 1 0
github.com/sven-seyfert/apiprobe/internal/crypto/secrets.go:102.2,102.12 1 0
github.com/sven-seyfert/apiprobe/internal/crypto/secrets.go:108.86,109.29 1 0
github.com/sven-seyfert/apiprobe/internal/crypto/secrets.go:109.29,114.32 3 0
github.com/sven-seyfert/apiprobe/internal/crypto/secrets.go:114.32,116.18 2 0
github.com/sven-seyfert/apiprobe/internal/crypto/secrets.go:116.18,120.5 2 0
github.com/sven-seyfert/apiprobe/internal/crypto/secrets.go:123.3,123.34 1 0
github.com/sven-seyfert/apiprobe/internal/crypto/secrets.go:123.34,125.18 2 0
github.com/sven-seyfert/apiprobe/internal/crypto/secrets.go:125.18,129.5 2 0
github.com/sven-seyfert/apiprobe/internal/crypto/secrets.go:133.2,133.12 1 0
github.com/sven-seyfert/apiprobe/internal/crypto/secrets.go:139.45,143.22 3 0
github.com/sven-seyfert/apiprobe/internal/crypto/secrets.go:143.22,147.3 2 0
github.com/sven-seyfert/apiprobe/internal/crypto/secrets.go:149.2,149.19 1 0
github.com/sven-seyfert/apiprobe/internal/db/sqlite.go:19.35,22.16 2 0
github.com/sven-seyfert/apiprobe/internal/db/sqlite.go:22.16,26.3 2 0
github.com/sven-seyfert/apiprobe/internal/db/sqlite.go:29.2,36.16 3 0
github.com/sven-seyfert/apiprobe/internal/db/sqlite.go:36.16,40.3 2 0
github.com/sven-seyfert/apiprobe/internal/db/sqlite.go:42.2,42.18 1 0
github.com/sven-seyfert/apiprobe/internal/db/sqlite.go:48.46,51.16 2 0
github.com/sven-seyfert/apiprobe/internal/db/sqlite.go:51.16,53.3 1 0
github.com/sven-seyfert/apiprobe/internal/db/sqlite.go:55.2,55.15 1 0
github.com/sven-seyfert/apiprobe/internal/db/sqlite.go:55.15,57.3 1 0
github.com/sven-seyfert/apiprobe/internal/db/sqlite.go:60.2,61.16 2 0
github.com/sven-seyfert/apiprobe/internal/db/sqlite.go:61.16,63.3 1 0
github.com/sven-seyfert/apiprobe/internal/db/sqlite.go:65.2,68.16 3 0
github.com/sven-seyfert/apiprobe/internal/db/sqlite.go:68.16,72.3 2 0
github.com/sven-seyfert/apiprobe/internal/db/sqlite.go:74.2,74.12 1 0
github.com/sven-seyfert/apiprobe/internal/db/sqlite.go:79.57,86.45 3 0
github.com/sven-seyfert/apiprobe/internal/db/sqlite.go:86.45,90.4 2 0
github.com/sven-seyfert/apiprobe/internal/db/sqlite.go:92.2,92.16 1 0
github.com/sven-seyfert/apiprobe/internal/db/sqlite.go:92.16,96.3 2 0
github.com/sven-seyfert/apiprobe/internal/db/sqlite.go:98.2,98.19 1 0
github.com/sven-seyfert/apiprobe/internal/db/sqlite.go:103.37,105.16 2 0
github.com/sven-seyfert/apiprobe/internal/db/sqlite.go:105.16,109.3 2 0
github.com/sven-seyfert/apiprobe/internal/db/sqlite.go:110.2,116.6 4 0
github.com/sven-seyfert/apiprobe/internal/db/sqlite.go:116.6,118.24 2 0
github.com/sven-seyfert/apiprobe/internal/db/sqlite.go:118.24,119.9 1 0
github.com/sven-seyfert/apiprobe/internal/db/sqlite.go:122.3,122.21 1 0
github.com/sven-seyfert/apiprobe/internal/db/sqlite.go:122.21,126.4 2 0
github.com/sven-seyfert/apiprobe/internal/db/sqlite.go:128.3,130.69 3 0
github.com/sven-seyfert/apiprobe/internal/db/sqlite.go:133.2,136.27 3 0
github.com/sven-seyfert/apiprobe/internal/db/sqlite.go:141.72,143.16 2 0
github.com/sven-seyfert/apiprobe/internal/db/sqlite.go:143.16,147.3 2 0
github.com/sven-seyfert/apiprobe/internal/db/sqlite.go:149.2,149.15 1 0
github.com/sven-seyfert/apiprobe/internal/db/sqlite.go:149.15,150.40 1 0
github.com/sven-seyfert/apiprobe/internal/db/sqlite.go:150.40,152.4 1 0
github.com/sven-seyfert/apiprobe/internal/db/sqlite.go:155.2,158.38 3 0
github.com/sven-seyfert/apiprobe/internal/db/sqlite.go:158.38,162.3 2 0
github.com/sven-seyfert/apiprobe/internal/db/sqlite.go:164.2,164.12 1 0
github.com/sven-seyfert/apiprobe/internal/db/sqlite.go:170.65,172.16 2 0
github.com/sven-seyfert/apiprobe/internal/db/sqlite.go:172.16,176.3 2 0
github.com/sven-seyfert/apiprobe/internal/db/sqlite.go:178.2,178.15 1 0
github.com/sven-seyfert/apiprobe/internal/db/sqlite.go:178.15,179.40 1 0
github.com/sven-seyfert/apiprobe/internal/db/sqlite.go:179.40,181.4 1 0
github.com/sven-seyfert/apiprobe/internal/db/sqlite.go:184.2,187.16 3 0
github.com/sven-seyfert/apiprobe/internal/db/sqlite.go:187.16,191.3 2 0
github.com/sven-seyfert/apiprobe/internal/db/sqlite.go:193.2,193.13 1 0
github.com/sven-seyfert/apiprobe/internal/db/sqlite.go:193.13,195.3 1 0
github.com/sven-seyfert/apiprobe/internal/db/sqlite.go:197.2,199.20 2 0
github.com/sven-seyfert/apiprobe/internal/diff/diff.go:15.76,17.16 2 0
github.com/sven-seyfert/apiprobe/internal/diff/diff.go:17.16,19.3 1 0
github.com/sven-seyfert/apiprobe/internal/diff/diff.go:21.2,26.16 4 0
github.com/sven-seyfert/apiprobe/internal/diff/diff.go:26.16,30.3 2 0
github.com/sven-seyfert/apiprobe/internal/diff/diff.go:32.2,34.25 2 0
github.com/sven-seyfert/apiprobe/internal/diff/diff.go:34.25,38.3 2 0
github.com/sven-seyfert/apiprobe/internal/diff/diff.go:40.2,42.68 2 0
github.com/sven-seyfert/apiprobe/internal/diff/diff.go:42.68,44.3 1 0
github.com/sven-seyfert/apiprobe/internal/diff/diff.go:46.2,46.18 1 0
github.com/sven-seyfert/apiprobe/internal/exec/curl.go:19.83,32.34 8 0
github.com/sven-seyfert/apiprobe/internal/exec/curl.go:32.34,36.3 2 0
github.com/sven-seyfert/apiprobe/internal/exec/curl.go:38.2,42.16 4 0
github.com/sven-seyfert/apiprobe/internal/exec/curl.go:42.16,44.3 1 0
github.com/sven-seyfert/apiprobe/internal/exec/curl.go:46.2,48.41 2 0
github.com/sven-seyfert/apiprobe/internal/exec/curl.go:48.41,52.3 2 0
github.com/sven-seyfert/apiprobe/internal/exec/curl.go:54.2,54.30 1 0
github.com/sven-seyfert/apiprobe/internal/exec/curl.go:60.63,63.34 2 0
github.com/sven-seyfert/apiprobe/internal/exec/curl.go:63.34,67.3 2 0
github.com/sven-seyfert/apiprobe/internal/exec/curl.go:69.2,72.30 3 0
github.com/sven-seyfert/apiprobe/internal/exec/exec.go:27.3,28.26 1 0
github.com/sven-seyfert/apiprobe/internal/exec/exec.go:28.26,31.3 2 0
github.com/sven-seyfert/apiprobe/internal/exec/exec.go:33.2,38.16 4 0
github.com/sven-seyfert/apiprobe/internal/exec/exec.go:38.16,42.27 3 0
github.com/sven-seyfert/apiprobe/internal/exec/exec.go:42.27,44.4 1 0
github.com/sven-seyfert/apiprobe/internal/exec/exec.go:44.9,46.4 1 0
github.com/sven-seyfert/apiprobe/internal/exec/exec.go:48.3,48.9 1 0
github.com/sven-seyfert/apiprobe/internal/exec/exec.go:51.2,52.16 2 0
github.com/sven-seyfert/apiprobe/internal/exec/exec.go:52.16,56.27 3 0
github.com/sven-seyfert/apiprobe/internal/exec/exec.go:56.27,58.4 1 0
github.com/sven-seyfert/apiprobe/internal/exec/exec.go:58.9,60.4 1 0
github.com/sven-seyfert/apiprobe/internal/exec/exec.go:62.3,62.9 1 0
github.com/sven-seyfert/apiprobe/internal/exec/exec.go:65.2,65.23 1 0
github.com/sven-seyfert/apiprobe/internal/exec/exec.go:65.23,71.3 3 0
github.com/sven-seyfert/apiprobe/internal/exec/exec.go:73.2,74.16 2 0
github.com/sven-seyfert/apiprobe/internal/exec/exec.go:74.16,78.3 2 0
github.com/sven-seyfert/apiprobe/internal/exec/exec.go:80.2,80.17 1 0
github.com/sven-seyfert/apiprobe/internal/exec/exec.go:80.17,82.3 1 0
github.com/sven-seyfert/apiprobe/internal/exec/exec.go:84.2,86.26 2 0
github.com/sven-seyfert/apiprobe/internal/exec/exec.go:86.26,88.3 1 0
github.com/sven-seyfert/apiprobe/internal/exec/exec.go:88.8,90.3 1 0
github.com/sven-seyfert/apiprobe/internal/exec/exec.go:95.90,97.16 2 0
github.com/sven-seyfert/apiprobe/internal/exec/exec.go:97.16,99.3 1 0
github.com/sven-seyfert/apiprobe/internal/exec/exec.go:101.2,101.36 1 0
github.com/sven-seyfert/apiprobe/internal/exec/exec.go:106.99,109.92 1 0
github.com/sven-seyfert/apiprobe/internal/exec/exec.go:109.92,111.3 1 0
github.com/sven-seyfert/apiprobe/internal/exec/exec.go:113.2,114.16 2 0
github.com/sven-seyfert/apiprobe/internal/exec/exec.go:114.16,116.3 1 0
github.com/sven-seyfert/apiprobe/internal/exec/exec.go:118.2,118.22 1 0
github.com/sven-seyfert/apiprobe/internal/exec/exec.go:123.99,127.51 3 0
github.com/sven-seyfert/apiprobe/internal/exec/exec.go:127.51,129.3 1 0
github.com/sven-seyfert/apiprobe/internal/exec/exec.go:129.8,131.3 1 0
github.com/sven-seyfert/apiprobe/internal/exec/jq.go:15.84,18.21 2 1
github.com/sven-seyfert/apiprobe/internal/exec/jq.go:18.21,20.3 1 1
github.com/sven-seyfert/apiprobe/internal/exec/jq.go:22.2,23.58 2 1
github.com/sven-seyfert/apiprobe/internal/exec/jq.go:23.58,27.3 2 1
github.com/sven-seyfert/apiprobe/internal/exec/jq.go:29.2,30.16 2 1
github.com/sven-seyfert/apiprobe/internal/exec/jq.go:30.16,32.3 1 1
github.com/sven-seyfert/apiprobe/internal/exec/jq.go:34.2,35.16 2 1
github.com/sven-seyfert/apiprobe/internal/exec/jq.go:35.16,37.3 1 0
github.com/sven-seyfert/apiprobe/internal/exec/jq.go:39.2,39.31 1 1
github.com/sven-seyfert/apiprobe/internal/exec/jq.go:44.57,46.16 2 1
github.com/sven-seyfert/apiprobe/internal/exec/jq.go:46.16,50.3 2 1
github.com/sven-seyfert/apiprobe/internal/exec/jq.go:52.2,53.16 2 1
github.com/sven-seyfert/apiprobe/internal/exec/jq.go:53.16,57.3 2 0
github.com/sven-seyfert/apiprobe/internal/exec/jq.go:59.2,59.18 1 1
github.com/sven-seyfert/apiprobe/internal/exec/jq.go:65.79,69.6 3 1
github.com/sven-seyfert/apiprobe/internal/exec/jq.go:69.6,71.12 2 1
github.com/sven-seyfert/apiprobe/internal/exec/jq.go:71.12,72.9 1 1
github.com/sven-seyfert/apiprobe/internal/exec/jq.go:77.3,78.13 2 1
github.com/sven-seyfert/apiprobe/internal/exec/jq.go:78.13,81.12 2 1
github.com/sven-seyfert/apiprobe/internal/exec/jq.go:85.3,85.47 1 0
github.com/sven-seyfert/apiprobe/internal/exec/jq.go:85.47,86.27 1 0
github.com/sven-seyfert/apiprobe/internal/exec/jq.go:86.27,87.10 1 0
github.com/sven-seyfert/apiprobe/internal/exec/jq.go:92.4,92.59 1 0
github.com/sven-seyfert/apiprobe/internal/exec/jq.go:92.59,95.13 2 0
github.com/sven-seyfert/apiprobe/internal/exec/jq.go:98.4,100.22 2 0
github.com/sven-seyfert/apiprobe/internal/exec/jq.go:103.3,105.21 2 0
github.com/sven-seyfert/apiprobe/internal/exec/jq.go:108.2,108.21 1 1
github.com/sven-seyfert/apiprobe/internal/exec/jq.go:114.51,117.23 2 1
github.com/sven-seyfert/apiprobe/internal/exec/jq.go:117.23,119.3 1 1
github.com/sven-seyfert/apiprobe/internal/exec/jq.go:119.8,121.3 1 1
github.com/sven-seyfert/apiprobe/internal/exec/jq.go:123.2,124.16 2 1
github.com/sven-seyfert/apiprobe/internal/exec/jq.go:124.16,128.3 2 0
github.com/sven-seyfert/apiprobe/internal/exec/jq.go:130.2,130.17 1 1
github.com/sven-seyfert/apiprobe/internal/exec/jq.go:135.40,138.9 2 0
github.com/sven-seyfert/apiprobe/internal/exec/jq.go:138.9,139.16 1 0
github.com/sven-seyfert/apiprobe/internal/exec/jq.go:139.16,140.36 1 0
github.com/sven-seyfert/apiprobe/internal/exec/jq.go:140.36,142.5 1 0
github.com/sven-seyfert/apiprobe/internal/exec/jq.go:145.3,145.23 1 0
github.com/sven-seyfert/apiprobe/internal/exec/jq.go:148.2,148.15 1 0
github.com/sven-seyfert/apiprobe/internal/fileutil/file.go:11.48,12.55 1 0
github.com/sven-seyfert/apiprobe/internal/fileutil/file.go:12.55,13.52 1 0
github.com/sven-seyfert/apiprobe/internal/fileutil/file.go:13.52,15.4 1 0
github.com/sven-seyfert/apiprobe/internal/fileutil/file.go:17.3,17.57 1 0
github.com/sven-seyfert/apiprobe/internal/fileutil/file.go:17.57,19.4 1 0
github.com/sven-seyfert/apiprobe/internal/fileutil/file.go:22.2,22.12 1 0
github.com/sven-seyfert/apiprobe/internal/fileutil/file.go:27.62,30.70 2 0
github.com/sven-seyfert/apiprobe/internal/fileutil/file.go:30.70,34.3 2 0
github.com/sven-seyfert/apiprobe/internal/fileutil/file.go:36.2,36.12 1 0
github.com/sven-seyfert/apiprobe/internal/fileutil/path.go:17.77,23.26 4 0
github.com/sven-seyfert/apiprobe/internal/fileutil/path.go:23.26,25.3 1 0
github.com/sven-seyfert/apiprobe/internal/fileutil/path.go:25.8,27.3 1 0
github.com/sven-seyfert/apiprobe/internal/fileutil/path.go:29.2,29.39 1 0
github.com/sven-seyfert/apiprobe/internal/fileutil/path.go:34.47,37.75 2 0
github.com/sven-seyfert/apiprobe/internal/fileutil/path.go:37.75,41.3 2 0
github.com/sven-seyfert/apiprobe/internal/fileutil/path.go:43.2,43.12 1 0
github.com/sven-seyfert/apiprobe/internal/loader/filter.go:13.83,14.22 1 0
github.com/sven-seyfert/apiprobe/internal/loader/filter.go:14.22,16.3 1 0
github.com/sven-seyfert/apiprobe/internal/loader/filter.go:18.2,21.28 3 0
github.com/sven-seyfert/apiprobe/internal/loader/filter.go:21.28,23.15 2 0
github.com/sven-seyfert/apiprobe/internal/loader/filter.go:23.15,25.4 1 0
github.com/sven-seyfert/apiprobe/internal/loader/filter.go:28.2,30.31 2 0
github.com/sven-seyfert/apiprobe/internal/loader/filter.go:30.31,31.45 1 0
github.com/sven-seyfert/apiprobe/internal/loader/filter.go:31.45,33.4 1 0
github.com/sven-seyfert/apiprobe/internal/loader/filter.go:36.2,36.25 1 0
github.com/sven-seyfert/apiprobe/internal/loader/filter.go:42.91,43.24 1 0
github.com/sven-seyfert/apiprobe/internal/loader/filter.go:43.24,47.3 2 0
github.com/sven-seyfert/apiprobe/internal/loader/filter.go:50.2,50.14 1 0
github.com/sven-seyfert/apiprobe/internal/loader/filter.go:50.14,51.50 1 0
github.com/sven-seyfert/apiprobe/internal/loader/filter.go:51.50,53.4 1 0
github.com/sven-seyfert/apiprobe/internal/loader/filter.go:55.3,57.24 2 0
github.com/sven-seyfert/apiprobe/internal/loader/filter.go:61.2,61.16 1 0
github.com/sven-seyfert/apiprobe/internal/loader/filter.go:61.16,65.32 3 0
github.com/sven-seyfert/apiprobe/internal/loader/filter.go:65.32,67.17 2 0
github.com/sven-seyfert/apiprobe/internal/loader/filter.go:67.17,69.5 1 0
github.com/sven-seyfert/apiprobe/internal/loader/filter.go:72.3,73.32 2 0
github.com/sven-seyfert/apiprobe/internal/loader/filter.go:73.32,75.4 1 0
github.com/sven-seyfert/apiprobe/internal/loader/filter.go:77.3,79.24 2 0
github.com/sven-seyfert/apiprobe/internal/loader/filter.go:83.2,83.24 1 0
github.com/sven-seyfert/apiprobe/internal/loader/filter.go:88.64,89.31 1 0
github.com/sven-seyfert/apiprobe/internal/loader/filter.go:89.31,90.19 1 0
github.com/sven-seyfert/apiprobe/internal/loader/filter.go:90.19,92.4 1 0
github.com/sven-seyfert/apiprobe/internal/loader/filter.go:95.2,95.12 1 0
github.com/sven-seyfert/apiprobe/internal/loader/filter.go:100.78,103.31 2 0
github.com/sven-seyfert/apiprobe/internal/loader/filter.go:103.31,105.3 1 0
github.com/sven-seyfert/apiprobe/internal/loader/filter.go:107.2,110.31 2 0
github.com/sven-seyfert/apiprobe/internal/loader/filter.go:110.31,111.32 1 0
github.com/sven-seyfert/apiprobe/internal/loader/filter.go:111.32,112.35 1 0
github.com/sven-seyfert/apiprobe/internal/loader/filter.go:112.35,115.10 2 0
github.com/sven-seyfert/apiprobe/internal/loader/filter.go:120.2,120.25 1 0
github.com/sven-seyfert/apiprobe/internal/loader/filter.go:127.108,130.43 2 0
github.com/sven-seyfert/apiprobe/internal/loader/filter.go:130.43,132.3 1 0
github.com/sven-seyfert/apiprobe/internal/loader/filter.go:134.2,140.47 4 0
github.com/sven-seyfert/apiprobe/internal/loader/filter.go:140.47,142.18 2 0
github.com/sven-seyfert/apiprobe/internal/loader/filter.go:142.18,143.12 1 0
github.com/sven-seyfert/apiprobe/internal/loader/filter.go:146.3,146.37 1 0
github.com/sven-seyfert/apiprobe/internal/loader/filter.go:146.37,150.4 2 0
github.com/sven-seyfert/apiprobe/internal/loader/filter.go:152.3,153.13 2 0
github.com/sven-seyfert/apiprobe/internal/loader/filter.go:153.13,157.4 2 0
github.com/sven-seyfert/apiprobe/internal/loader/filter.go:159.3,159.44 1 0
github.com/sven-seyfert/apiprobe/internal/loader/filter.go:163.2,165.44 2 0
github.com/sven-seyfert/apiprobe/internal/loader/filter.go:171.65,175.35 3 0
github.com/sven-seyfert/apiprobe/internal/loader/filter.go:175.35,176.20 1 0
github.com/sven-seyfert/apiprobe/internal/loader/filter.go:176.20,179.4 2 0
github.com/sven-seyfert/apiprobe/internal/loader/filter.go:182.2,182.15 1 0
github.com/sven-seyfert/apiprobe/internal/loader/loader.go:58.48,61.65 2 0
github.com/sven-seyfert/apiprobe/internal/loader/loader.go:61.65,65.3 2 0
github.com/sven-seyfert/apiprobe/internal/loader/loader.go:67.2,68.68 2 0
github.com/sven-seyfert/apiprobe/internal/loader/loader.go:68.68,72.3 2 0
github.com/sven-seyfert/apiprobe/internal/loader/loader.go:74.2,77.75 2 0
github.com/sven-seyfert/apiprobe/internal/loader/loader.go:77.75,79.3 1 0
github.com/sven-seyfert/apiprobe/internal/loader/loader.go:82.2,83.16 2 0
github.com/sven-seyfert/apiprobe/internal/loader/loader.go:83.16,85.3 1 0
github.com/sven-seyfert/apiprobe/internal/loader/loader.go:87.2,89.12 2 0
github.com/sven-seyfert/apiprobe/internal/loader/loader.go:96.52,97.33 1 0
github.com/sven-seyfert/apiprobe/internal/loader/loader.go:97.33,102.71 3 0
github.com/sven-seyfert/apiprobe/internal/loader/loader.go:102.71,105.12 2 0
github.com/sven-seyfert/apiprobe/internal/loader/loader.go:108.3,109.70 2 0
github.com/sven-seyfert/apiprobe/internal/loader/loader.go:109.70,113.4 2 0
github.com/sven-seyfert/apiprobe/internal/loader/loader.go:115.3,118.76 2 0
github.com/sven-seyfert/apiprobe/internal/loader/loader.go:118.76,119.12 1 0
github.com/sven-seyfert/apiprobe/internal/loader/loader.go:123.3,124.17 2 0
github.com/sven-seyfert/apiprobe/internal/loader/loader.go:124.17,126.4 1 0
github.com/sven-seyfert/apiprobe/internal/loader/loader.go:128.3,128.34 1 0
github.com/sven-seyfert/apiprobe/internal/loader/loader.go:131.2,131.12 1 0
github.com/sven-seyfert/apiprobe/internal/loader/loader.go:137.57,139.65 2 0
github.com/sven-seyfert/apiprobe/internal/loader/loader.go:139.65,143.3 2 0
github.com/sven-seyfert/apiprobe/internal/loader/loader.go:145.2,146.33 2 0
github.com/sven-seyfert/apiprobe/internal/loader/loader.go:146.33,148.3 1 0
github.com/sven-seyfert/apiprobe/internal/loader/loader.go:150.2,153.16 3 0
github.com/sven-seyfert/apiprobe/internal/loader/loader.go:153.16,157.3 2 0
github.com/sven-seyfert/apiprobe/internal/loader/loader.go:159.2,159.21 1 0
github.com/sven-seyfert/apiprobe/internal/loader/loader.go:164.49,170.33 4 0
github.com/sven-seyfert/apiprobe/internal/loader/loader.go:170.33,173.3 2 0
github.com/sven-seyfert/apiprobe/internal/loader/loader.go:175.2,175.28 1 0
github.com/sven-seyfert/apiprobe/internal/loader/loader.go:181.52,191.42 2 0
github.com/sven-seyfert/apiprobe/internal/loader/loader.go:191.42,193.3 1 0
github.com/sven-seyfert/apiprobe/internal/loader/loader.go:195.2,195.73 1 0
github.com/sven-seyfert/apiprobe/internal/loader/loader.go:195.73,199.75 2 0
github.com/sven-seyfert/apiprobe/internal/loader/loader.go:199.75,201.4 1 0
github.com/sven-seyfert/apiprobe/internal/loader/loader.go:203.3,203.48 1 0
github.com/sven-seyfert/apiprobe/internal/loader/loader.go:206.2,206.33 1 0
github.com/sven-seyfert/apiprobe/internal/loader/loader.go:206.33,208.3 1 0
github.com/sven-seyfert/apiprobe/internal/loader/loader.go:210.2,210.40 1 0
github.com/sven-seyfert/apiprobe/internal/loader/loader.go:210.40,212.3 1 0
github.com/sven-seyfert/apiprobe/internal/loader/loader.go:214.2,214.16 1 0
github.com/sven-seyfert/apiprobe/internal/loader/loader.go:219.47,224.83 3 0
github.com/sven-seyfert/apiprobe/internal/loader/loader.go:224.83,225.17 1 0
github.com/sven-seyfert/apiprobe/internal/loader/loader.go:225.17,229.4 2 0
github.com/sven-seyfert/apiprobe/internal/loader/loader.go:231.3,231.36 1 0
github.com/sven-seyfert/apiprobe/internal/loader/loader.go:231.36,233.22 2 0
github.com/sven-seyfert/apiprobe/internal/loader/loader.go:233.22,235.5 1 0
github.com/sven-seyfert/apiprobe/internal/loader/loader.go:237.4,237.47 1 0
github.com/sven-seyfert/apiprobe/internal/loader/loader.go:240.3,240.13 1 0
github.com/sven-seyfert/apiprobe/internal/loader/loader.go:243.2,243.22 1 0
github.com/sven-seyfert/apiprobe/internal/loader/loader.go:248.79,250.16 2 0
github.com/sven-seyfert/apiprobe/internal/loader/loader.go:250.16,254.3 2 0
github.com/sven-seyfert/apiprobe/internal/loader/loader.go:256.2,258.59 2 0
github.com/sven-seyfert/apiprobe/internal/loader/loader.go:258.59,262.3 2 0
github.com/sven-seyfert/apiprobe/internal/loader/loader.go:265.2,266.16 2 0
github.com/sven-seyfert/apiprobe/internal/loader/loader.go:266.16,270.3 2 0
github.com/sven-seyfert/apiprobe/internal/loader/loader.go:272.2,274.31 2 0
github.com/sven-seyfert/apiprobe/internal/loader/loader.go:274.31,277.3 2 0
github.com/sven-seyfert/apiprobe/internal/loader/loader.go:279.2,279.21 1 0
github.com/sven-seyfert/apiprobe/internal/logger/logger.go:16.19,22.58 5 0
github.com/sven-seyfert/apiprobe/internal/logger/logger.go:22.58,26.3 2 0
github.com/sven-seyfert/apiprobe/internal/logger/logger.go:29.2,36.16 5 0
github.com/sven-seyfert/apiprobe/internal/logger/logger.go:36.16,40.3 2 0
github.com/sven-seyfert/apiprobe/internal/logger/logger.go:43.2,45.12 2 0
github.com/sven-seyfert/apiprobe/internal/logger/logger.go:49.16,55.2 4 0
github.com/sven-seyfert/apiprobe/internal/logger/logger.go:58.49,60.2 1 0
github.com/sven-seyfert/apiprobe/internal/logger/logger.go:63.49,65.2 1 1
github.com/sven-seyfert/apiprobe/internal/logger/logger.go:68.48,70.2 1 0
github.com/sven-seyfert/apiprobe/internal/logger/logger.go:73.48,75.2 1 0
github.com/sven-seyfert/apiprobe/internal/logger/logger.go:78.49,80.2 1 0
github.com/sven-seyfert/apiprobe/internal/logger/logger.go:84.26,88.9 3 1
github.com/sven-seyfert/apiprobe/internal/logger/logger.go:88.9,90.3 1 0
github.com/sven-seyfert/apiprobe/internal/logger/logger.go:92.2,92.60 1 1
github.com/sven-seyfert/apiprobe/internal/report/notify.go:28.3,29.69 1 0
github.com/sven-seyfert/apiprobe/internal/report/notify.go:29.69,31.3 1 0
github.com/sven-seyfert/apiprobe/internal/report/notify.go:33.2,38.99 4 0
github.com/sven-seyfert/apiprobe/internal/report/notify.go:38.99,42.17 3 0
github.com/sven-seyfert/apiprobe/internal/report/notify.go:42.17,44.4 1 0
github.com/sven-seyfert/apiprobe/internal/report/notify.go:46.3,46.23 1 0
github.com/sven-seyfert/apiprobe/internal/report/notify.go:46.23,48.4 1 0
github.com/sven-seyfert/apiprobe/internal/report/notify.go:50.3,50.49 1 0
github.com/sven-seyfert/apiprobe/internal/report/notify.go:50.49,52.4 1 0
github.com/sven-seyfert/apiprobe/internal/report/notify.go:54.3,67.9 4 0
github.com/sven-seyfert/apiprobe/internal/report/notify.go:70.2,70.51 1 0
github.com/sven-seyfert/apiprobe/internal/report/notify.go:70.51,74.3 2 0
github.com/sven-seyfert/apiprobe/internal/report/notify.go:76.2,77.16 2 0
github.com/sven-seyfert/apiprobe/internal/report/notify.go:77.16,81.3 2 0
github.com/sven-seyfert/apiprobe/internal/report/notify.go:83.2,86.16 3 0
github.com/sven-seyfert/apiprobe/internal/report/notify.go:86.16,88.3 1 0
github.com/sven-seyfert/apiprobe/internal/report/notify.go:90.2,99.98 3 0
github.com/sven-seyfert/apiprobe/internal/report/notify.go:99.98,101.3 1 0
github.com/sven-seyfert/apiprobe/internal/report/notify.go:103.2,121.18 4 0
github.com/sven-seyfert/apiprobe/internal/report/notify.go:132.3,137.49 3 0
github.com/sven-seyfert/apiprobe/internal/report/notify.go:137.49,141.3 3 0
github.com/sven-seyfert/apiprobe/internal/report/notify.go:143.2,144.16 2 0
github.com/sven-seyfert/apiprobe/internal/report/notify.go:144.16,148.3 2 0
github.com/sven-seyfert/apiprobe/internal/report/notify.go:150.2,153.16 3 0
github.com/sven-seyfert/apiprobe/internal/report/notify.go:153.16,157.3 2 0
github.com/sven-seyfert/apiprobe/internal/report/notify.go:158.2,158.25 1 0
github.com/sven-seyfert/apiprobe/internal/report/report.go:20.48,22.2 1 0
github.com/sven-seyfert/apiprobe/internal/report/report.go:25.47,27.2 1 0
github.com/sven-seyfert/apiprobe/internal/report/report.go:30.48,32.2 1 0
github.com/sven-seyfert/apiprobe/internal/report/report.go:49.117,54.42 3 0
github.com/sven-seyfert/apiprobe/internal/report/report.go:54.42,56.3 1 0
github.com/sven-seyfert/apiprobe/internal/report/report.go:58.2,67.42 2 0
github.com/sven-seyfert/apiprobe/internal/report/report.go:72.52,74.16 2 0
github.com/sven-seyfert/apiprobe/internal/report/report.go:74.16,78.3 2 0
github.com/sven-seyfert/apiprobe/internal/report/report.go:79.2,84.41 4 0
github.com/sven-seyfert/apiprobe/internal/report/report.go:84.41,88.3 2 0
github.com/sven-seyfert/apiprobe/internal/report/report.go:90.2,90.12 1 0
github.com/sven-seyfert/apiprobe/internal/report/report.go:97.56,99.29 2 0
github.com/sven-seyfert/apiprobe/internal/report/report.go:99.29,101.3 1 0
github.com/sven-seyfert/apiprobe/internal/report/report.go:103.2,106.16 3 0
github.com/sven-seyfert/apiprobe/internal/report/report.go:106.16,110.3 2 0
github.com/sven-seyfert/apiprobe/internal/report/report.go:112.2,114.31 2 0
github.com/sven-seyfert/apiprobe/internal/report/report.go:120.52,124.16 3 0
github.com/sven-seyfert/apiprobe/internal/report/report.go:124.16,128.3 2 0
github.com/sven-seyfert/apiprobe/internal/report/report.go:129.2,136.43 5 0
github.com/sven-seyfert/apiprobe/internal/report/report.go:136.43,140.3 2 0
github.com/sven-seyfert/apiprobe/internal/report/report.go:142.2,142.12 1 0
github.com/sven-seyfert/apiprobe/internal/util/math.go:4.24,5.11 1 0
github.com/sven-seyfert/apiprobe/internal/util/math.go:5.11,7.3 1 0
github.com/sven-seyfert/apiprobe/internal/util/math.go:9.2,9.10 1 0
github.com/sven-seyfert/apiprobe/internal/util/querier.go:9.72,18.36 6 0
github.com/sven-seyfert/apiprobe/internal/util/querier.go:18.36,21.63 2 0
github.com/sven-seyfert/apiprobe/internal/util/querier.go:21.63,25.9 3 0
github.com/sven-seyfert/apiprobe/internal/util/querier.go:29.2,29.15 1 0
github.com/sven-seyfert/apiprobe/internal/util/querier.go:29.15,31.3 1 0
github.com/sven-seyfert/apiprobe/internal/util/querier.go:33.2,33.18 1 0
github.com/sven-seyfert/apiprobe/internal/util/string.go:7.38,13.2 4 0
github.com/sven-seyfert/apiprobe/internal/util/string.go:17.60,18.30 1 0
github.com/sven-seyfert/apiprobe/internal/util/string.go:18.30,19.72 1 0
github.com/sven-seyfert/apiprobe/internal/util/string.go:19.72,21.4 1 0
github.com/sven-seyfert/apiprobe/internal/util/string.go:24.2,24.14 1 0
