mode: set
github.com/sven-seyfert/apiprobe/internal/config/config.go:33.45,35.16 2 0
github.com/sven-seyfert/apiprobe/internal/config/config.go:35.16,39.3 2 0
github.com/sven-seyfert/apiprobe/internal/config/config.go:40.2,46.44 4 0
github.com/sven-seyfert/apiprobe/internal/config/config.go:46.44,50.3 2 0
github.com/sven-seyfert/apiprobe/internal/config/config.go:52.2,52.18 1 0
github.com/sven-seyfert/apiprobe/internal/db/sqlite.go:19.35,22.16 2 0
github.com/sven-seyfert/apiprobe/internal/db/sqlite.go:22.16,26.3 2 0
github.com/sven-seyfert/apiprobe/internal/db/sqlite.go:29.2,36.16 3 0
github.com/sven-seyfert/apiprobe/internal/db/sqlite.go:36.16,40.3 2 0
github.com/sven-seyfert/apiprobe/internal/db/sqlite.go:42.2,42.18 1 0
github.com/sven-seyfert/apiprobe/internal/db/sqlite.go:48.46,51.16 2 0
github.com/sven-seyfert/apiprobe/internal/db/sqlite.go:51.16,53.3 1 0
github.com/sven-seyfert/apiprobe/internal/db/sqlite.go:55.2,55.15 1 0
github.com/sven-seyfert/apiprobe/internal/db/sqlite.go:55.15,57.3 1 0
github.com/sven-seyfert/apiprobe/internal/db/sqlite.go:60.2,61.16 2 0
github.com/sven-seyfert/apiprobe/internal/db/sqlite.go:61.16,63.3 1 0
github.com/sven-seyfert/apiprobe/internal/db/sqlite.go:65.2,68.16 3 0
github.com/sven-seyfert/apiprobe/internal/db/sqlite.go:68.16,72.3 2 0
github.com/sven-seyfert/apiprobe/internal/db/sqlite.go:74.2,74.12 1 0
github.com/sven-seyfert/apiprobe/internal/db/sqlite.go:79.57,86.45 3 0
github.com/sven-seyfert/apiprobe/internal/db/sqlite.go:86.45,90.4 2 0
github.com/sven-seyfert/apiprobe/internal/db/sqlite.go:92.2,92.16 1 0
github.com/sven-seyfert/apiprobe/internal/db/sqlite.go:92.16,96.3 2 0
github.com/sven-seyfert/apiprobe/internal/db/sqlite.go:98.2,98.19 1 0
github.com/sven-seyfert/apiprobe/internal/db/sqlite.go:103.37,105.16 2 0
github.com/sven-seyfert/apiprobe/internal/db/sqlite.go:105.16,109.3 2 0
github.com/sven-seyfert/apiprobe/internal/db/sqlite.go:110.2,116.6 4 0
github.com/sven-seyfert/apiprobe/internal/db/sqlite.go:116.6,118.24 2 0
github.com/sven-seyfert/apiprobe/internal/db/sqlite.go:118.24,119.9 1 0
github.com/sven-seyfert/apiprobe/internal/db/sqlite.go:122.3,122.21 1 0
github.com/sven-seyfert/apiprobe/internal/db/sqlite.go:122.21,126.4 2 0
github.com/sven-seyfert/apiprobe/internal/db/sqlite.go:128.3,130.69 3 0
github.com/sven-seyfert/apiprobe/internal/db/sqlite.go:133.2,136.27 3 0
github.com/sven-seyfert/apiprobe/internal/db/sqlite.go:141.72,143.16 2 0
github.com/sven-seyfert/apiprobe/internal/db/sqlite.go:143.16,147.3 2 0
github.com/sven-seyfert/apiprobe/internal/db/sqlite.go:149.2,149.15 1 0
github.com/sven-seyfert/apiprobe/internal/db/sqlite.go:149.15,150.40 1 0
github.com/sven-seyfert/apiprobe/internal/db/sqlite.go:150.40,152.4 1 0
github.com/sven-seyfert/apiprobe/internal/db/sqlite.go:155.2,158.38 3 0
github.com/sven-seyfert/apiprobe/internal/db/sqlite.go:158.38,162.3 2 0
github.com/sven-seyfert/apiprobe/internal/db/sqlite.go:164.2,164.12 1 0
github.com/sven-seyfert/apiprobe/internal/db/sqlite.go:170.65,172.16 2 0
github.com/sven-seyfert/apiprobe/internal/db/sqlite.go:172.16,176.3 2 0
github.com/sven-seyfert/apiprobe/internal/db/sqlite.go:178.2,178.15 1 0
github.com/sven-seyfert/apiprobe/internal/db/sqlite.go:178.15,179.40 1 0
github.com/sven-seyfert/apiprobe/internal/db/sqlite.go:179.40,181.4 1 0
github.com/sven-seyfert/apiprobe/internal/db/sqlite.go:184.2,187.16 3 0
github.com/sven-seyfert/apiprobe/internal/db/sqlite.go:187.16,191.3 2 0
github.com/sven-seyfert/apiprobe/internal/db/sqlite.go:193.2,193.13 1 0
github.com/sven-seyfert/apiprobe/internal/db/sqlite.go:193.13,195.3 1 0
github.com/sven-seyfert/apiprobe/internal/db/sqlite.go:197.2,199.20 2 0
github.com/sven-seyfert/apiprobe/main.go:28.13,30.16 2 0
github.com/sven-seyfert/apiprobe/main.go:30.16,34.3 2 0
github.com/sven-seyfert/apiprobe/main.go:35.2,38.16 3 0
github.com/sven-seyfert/apiprobe/main.go:38.16,42.3 2 0
github.com/sven-seyfert/apiprobe/main.go:45.2,46.28 2 0
github.com/sven-seyfert/apiprobe/main.go:46.28,48.3 1 0
github.com/sven-seyfert/apiprobe/main.go:50.2,51.28 2 0
github.com/sven-seyfert/apiprobe/main.go:51.28,53.3 1 0
github.com/sven-seyfert/apiprobe/main.go:55.2,56.28 2 0
github.com/sven-seyfert/apiprobe/main.go:56.28,58.3 1 0
github.com/sven-seyfert/apiprobe/main.go:61.2,62.16 2 0
github.com/sven-seyfert/apiprobe/main.go:62.16,66.3 2 0
github.com/sven-seyfert/apiprobe/main.go:69.2,70.16 2 0
github.com/sven-seyfert/apiprobe/main.go:70.16,74.3 2 0
github.com/sven-seyfert/apiprobe/main.go:77.2,81.14 3 0
github.com/sven-seyfert/apiprobe/main.go:81.14,83.3 1 0
github.com/sven-seyfert/apiprobe/main.go:86.2,87.16 2 0
github.com/sven-seyfert/apiprobe/main.go:87.16,91.3 2 0
github.com/sven-seyfert/apiprobe/main.go:95.2,95.39 1 0
github.com/sven-seyfert/apiprobe/main.go:95.39,96.46 1 0
github.com/sven-seyfert/apiprobe/main.go:96.46,98.4 1 0
github.com/sven-seyfert/apiprobe/main.go:100.3,100.50 1 0
github.com/sven-seyfert/apiprobe/main.go:100.50,102.4 1 0
github.com/sven-seyfert/apiprobe/main.go:106.2,107.16 2 0
github.com/sven-seyfert/apiprobe/main.go:107.16,111.3 2 0
github.com/sven-seyfert/apiprobe/main.go:114.2,124.65 5 0
github.com/sven-seyfert/apiprobe/main.go:129.66,130.38 1 0
github.com/sven-seyfert/apiprobe/main.go:130.38,132.3 1 0
github.com/sven-seyfert/apiprobe/main.go:134.2,135.16 2 0
github.com/sven-seyfert/apiprobe/main.go:135.16,137.3 1 0
github.com/sven-seyfert/apiprobe/main.go:139.2,141.28 2 0
github.com/sven-seyfert/apiprobe/main.go:152.36,156.33 3 0
github.com/sven-seyfert/apiprobe/main.go:156.33,157.23 1 0
github.com/sven-seyfert/apiprobe/main.go:157.23,161.4 2 0
github.com/sven-seyfert/apiprobe/main.go:163.3,163.20 1 0
github.com/sven-seyfert/apiprobe/main.go:163.20,164.12 1 0
github.com/sven-seyfert/apiprobe/main.go:167.3,167.14 1 0
github.com/sven-seyfert/apiprobe/main.go:167.14,169.4 1 0
github.com/sven-seyfert/apiprobe/main.go:171.3,173.29 2 0
github.com/sven-seyfert/apiprobe/main.go:173.29,175.4 1 0
github.com/sven-seyfert/apiprobe/main.go:178.3,182.80 2 0
github.com/sven-seyfert/apiprobe/main.go:185.2,185.17 1 0
github.com/sven-seyfert/apiprobe/internal/auth/token-handler.go:14.96,19.47 3 0
github.com/sven-seyfert/apiprobe/internal/auth/token-handler.go:19.47,20.60 1 0
github.com/sven-seyfert/apiprobe/internal/auth/token-handler.go:20.60,21.12 1 0
github.com/sven-seyfert/apiprobe/internal/auth/token-handler.go:24.3,24.54 1 0
github.com/sven-seyfert/apiprobe/internal/auth/token-handler.go:24.54,31.9 4 0
github.com/sven-seyfert/apiprobe/internal/auth/token-handler.go:34.3,34.66 1 0
github.com/sven-seyfert/apiprobe/internal/auth/token-handler.go:40.94,44.51 3 0
github.com/sven-seyfert/apiprobe/internal/auth/token-handler.go:44.51,46.3 1 0
github.com/sven-seyfert/apiprobe/internal/auth/token-handler.go:46.8,48.3 1 0
github.com/sven-seyfert/apiprobe/internal/auth/token.go:11.34,15.2 1 0
github.com/sven-seyfert/apiprobe/internal/auth/token.go:19.49,20.37 1 0
github.com/sven-seyfert/apiprobe/internal/auth/token.go:20.37,22.3 1 0
github.com/sven-seyfert/apiprobe/internal/auth/token.go:24.2,26.13 2 0
github.com/sven-seyfert/apiprobe/internal/auth/token.go:31.52,32.35 1 0
github.com/sven-seyfert/apiprobe/internal/auth/token.go:32.35,34.3 1 0
github.com/sven-seyfert/apiprobe/internal/auth/token.go:36.2,36.18 1 0
github.com/sven-seyfert/apiprobe/internal/diff/diff.go:15.76,17.16 2 0
github.com/sven-seyfert/apiprobe/internal/diff/diff.go:17.16,19.3 1 0
github.com/sven-seyfert/apiprobe/internal/diff/diff.go:21.2,26.16 4 0
github.com/sven-seyfert/apiprobe/internal/diff/diff.go:26.16,30.3 2 0
github.com/sven-seyfert/apiprobe/internal/diff/diff.go:32.2,34.25 2 0
github.com/sven-seyfert/apiprobe/internal/diff/diff.go:34.25,38.3 2 0
github.com/sven-seyfert/apiprobe/internal/diff/diff.go:40.2,42.68 2 0
github.com/sven-seyfert/apiprobe/internal/diff/diff.go:42.68,44.3 1 0
github.com/sven-seyfert/apiprobe/internal/diff/diff.go:46.2,46.18 1 0
github.com/sven-seyfert/apiprobe/internal/crypto/obfuscator.go:16.36,21.2 3 0
github.com/sven-seyfert/apiprobe/internal/crypto/obfuscator.go:24.38,25.16 1 0
github.com/sven-seyfert/apiprobe/internal/crypto/obfuscator.go:25.16,27.3 1 0
github.com/sven-seyfert/apiprobe/internal/crypto/obfuscator.go:29.2,33.16 4 0
github.com/sven-seyfert/apiprobe/internal/crypto/obfuscator.go:33.16,37.3 2 0
github.com/sven-seyfert/apiprobe/internal/crypto/obfuscator.go:39.2,39.27 1 0
github.com/sven-seyfert/apiprobe/internal/crypto/obfuscator.go:43.31,48.30 3 0
github.com/sven-seyfert/apiprobe/internal/crypto/obfuscator.go:48.30,52.3 2 0
github.com/sven-seyfert/apiprobe/internal/crypto/obfuscator.go:54.2,54.27 1 0
github.com/sven-seyfert/apiprobe/internal/crypto/obfuscator.go:59.32,65.42 4 0
github.com/sven-seyfert/apiprobe/internal/crypto/obfuscator.go:65.42,67.3 1 0
github.com/sven-seyfert/apiprobe/internal/crypto/obfuscator.go:69.2,71.32 2 0
github.com/sven-seyfert/apiprobe/internal/crypto/secrets.go:19.108,20.39 1 0
github.com/sven-seyfert/apiprobe/internal/crypto/secrets.go:20.39,22.17 2 0
github.com/sven-seyfert/apiprobe/internal/crypto/secrets.go:22.17,24.4 1 0
github.com/sven-seyfert/apiprobe/internal/crypto/secrets.go:26.3,29.17 3 0
github.com/sven-seyfert/apiprobe/internal/crypto/secrets.go:29.17,31.4 1 0
github.com/sven-seyfert/apiprobe/internal/crypto/secrets.go:33.3,35.71 2 0
github.com/sven-seyfert/apiprobe/internal/crypto/secrets.go:35.71,37.4 1 0
github.com/sven-seyfert/apiprobe/internal/crypto/secrets.go:39.3,39.72 1 0
github.com/sven-seyfert/apiprobe/internal/crypto/secrets.go:39.72,41.4 1 0
github.com/sven-seyfert/apiprobe/internal/crypto/secrets.go:43.3,43.70 1 0
github.com/sven-seyfert/apiprobe/internal/crypto/secrets.go:43.70,45.4 1 0
github.com/sven-seyfert/apiprobe/internal/crypto/secrets.go:48.2,48.30 1 0
github.com/sven-seyfert/apiprobe/internal/crypto/secrets.go:55.75,58.42 2 0
github.com/sven-seyfert/apiprobe/internal/crypto/secrets.go:58.42,60.3 1 0
github.com/sven-seyfert/apiprobe/internal/crypto/secrets.go:62.2,64.22 2 0
github.com/sven-seyfert/apiprobe/internal/crypto/secrets.go:64.22,68.3 2 0
github.com/sven-seyfert/apiprobe/internal/crypto/secrets.go:70.2,71.16 2 0
github.com/sven-seyfert/apiprobe/internal/crypto/secrets.go:71.16,75.3 2 0
github.com/sven-seyfert/apiprobe/internal/crypto/secrets.go:77.2,77.18 1 0
github.com/sven-seyfert/apiprobe/internal/crypto/secrets.go:77.18,82.3 3 0
github.com/sven-seyfert/apiprobe/internal/crypto/secrets.go:84.2,86.17 2 0
github.com/sven-seyfert/apiprobe/internal/crypto/secrets.go:92.71,93.33 1 0
github.com/sven-seyfert/apiprobe/internal/crypto/secrets.go:93.33,95.17 2 0
github.com/sven-seyfert/apiprobe/internal/crypto/secrets.go:95.17,97.4 1 0
github.com/sven-seyfert/apiprobe/internal/crypto/secrets.go:99.3,99.25 1 0
github.com/sven-seyfert/apiprobe/internal/crypto/secrets.go:102.2,102.12 1 0
github.com/sven-seyfert/apiprobe/internal/crypto/secrets.go:108.86,109.29 1 0
github.com/sven-seyfert/apiprobe/internal/crypto/secrets.go:109.29,114.32 3 0
github.com/sven-seyfert/apiprobe/internal/crypto/secrets.go:114.32,116.18 2 0
github.com/sven-seyfert/apiprobe/internal/crypto/secrets.go:116.18,120.5 2 0
github.com/sven-seyfert/apiprobe/internal/crypto/secrets.go:123.3,123.34 1 0
github.com/sven-seyfert/apiprobe/internal/crypto/secrets.go:123.34,125.18 2 0
github.com/sven-seyfert/apiprobe/internal/crypto/secrets.go:125.18,129.5 2 0
github.com/sven-seyfert/apiprobe/internal/crypto/secrets.go:133.2,133.12 1 0
github.com/sven-seyfert/apiprobe/internal/crypto/secrets.go:139.45,143.22 3 0
github.com/sven-seyfert/apiprobe/internal/crypto/secrets.go:143.22,147.3 2 0
github.com/sven-seyfert/apiprobe/internal/crypto/secrets.go:149.2,149.19 1 0
github.com/sven-seyfert/apiprobe/internal/logger/logger.go:16.19,22.58 5 0
github.com/sven-seyfert/apiprobe/internal/logger/logger.go:22.58,26.3 2 0
github.com/sven-seyfert/apiprobe/internal/logger/logger.go:29.2,36.16 5 0
github.com/sven-seyfert/apiprobe/internal/logger/logger.go:36.16,40.3 2 0
github.com/sven-seyfert/apiprobe/internal/logger/logger.go:43.2,45.12 2 0
github.com/sven-seyfert/apiprobe/internal/logger/logger.go:49.16,55.2 4 0
github.com/sven-seyfert/apiprobe/internal/logger/logger.go:58.49,60.2 1 0
github.com/sven-seyfert/apiprobe/internal/logger/logger.go:63.49,65.2 1 0
github.com/sven-seyfert/apiprobe/internal/logger/logger.go:68.48,70.2 1 0
github.com/sven-seyfert/apiprobe/internal/logger/logger.go:73.48,75.2 1 0
github.com/sven-seyfert/apiprobe/internal/logger/logger.go:78.49,80.2 1 0
github.com/sven-seyfert/apiprobe/internal/logger/logger.go:84.26,88.9 3 0
github.com/sven-seyfert/apiprobe/internal/logger/logger.go:88.9,90.3 1 0
github.com/sven-seyfert/apiprobe/internal/logger/logger.go:92.2,92.60 1 0
github.com/sven-seyfert/apiprobe/internal/util/math.go:4.24,5.11 1 0
github.com/sven-seyfert/apiprobe/internal/util/math.go:5.11,7.3 1 0
github.com/sven-seyfert/apiprobe/internal/util/math.go:9.2,9.10 1 0
github.com/sven-seyfert/apiprobe/internal/util/querier.go:9.72,18.36 6 0
github.com/sven-seyfert/apiprobe/internal/util/querier.go:18.36,21.63 2 0
github.com/sven-seyfert/apiprobe/internal/util/querier.go:21.63,25.9 3 0
github.com/sven-seyfert/apiprobe/internal/util/querier.go:29.2,29.15 1 0
github.com/sven-seyfert/apiprobe/internal/util/querier.go:29.15,31.3 1 0
github.com/sven-seyfert/apiprobe/internal/util/querier.go:33.2,33.18 1 0
github.com/sven-seyfert/apiprobe/internal/util/string.go:7.38,13.2 4 0
github.com/sven-seyfert/apiprobe/internal/util/string.go:17.60,18.30 1 0
github.com/sven-seyfert/apiprobe/internal/util/string.go:18.30,19.72 1 0
github.com/sven-seyfert/apiprobe/internal/util/string.go:19.72,21.4 1 0
github.com/sven-seyfert/apiprobe/internal/util/string.go:24.2,24.14 1 0
github.com/sven-seyfert/apiprobe/internal/fileutil/file.go:11.48,12.55 1 0
github.com/sven-seyfert/apiprobe/internal/fileutil/file.go:12.55,13.52 1 0
github.com/sven-seyfert/apiprobe/internal/fileutil/file.go:13.52,15.4 1 0
github.com/sven-seyfert/apiprobe/internal/fileutil/file.go:17.3,17.57 1 0
github.com/sven-seyfert/apiprobe/internal/fileutil/file.go:17.57,19.4 1 0
github.com/sven-seyfert/apiprobe/internal/fileutil/file.go:22.2,22.12 1 0
github.com/sven-seyfert/apiprobe/internal/fileutil/file.go:27.62,30.70 2 0
github.com/sven-seyfert/apiprobe/internal/fileutil/file.go:30.70,34.3 2 0
github.com/sven-seyfert/apiprobe/internal/fileutil/file.go:36.2,36.12 1 0
github.com/sven-seyfert/apiprobe/internal/fileutil/path.go:17.77,23.26 4 0
github.com/sven-seyfert/apiprobe/internal/fileutil/path.go:23.26,25.3 1 0
github.com/sven-seyfert/apiprobe/internal/fileutil/path.go:25.8,27.3 1 0
github.com/sven-seyfert/apiprobe/internal/fileutil/path.go:29.2,29.39 1 0
github.com/sven-seyfert/apiprobe/internal/fileutil/path.go:34.47,37.75 2 0
github.com/sven-seyfert/apiprobe/internal/fileutil/path.go:37.75,41.3 2 0
github.com/sven-seyfert/apiprobe/internal/fileutil/path.go:43.2,43.12 1 0
github.com/sven-seyfert/apiprobe/internal/report/notify.go:28.3,29.69 1 0
github.com/sven-seyfert/apiprobe/internal/report/notify.go:29.69,31.3 1 0
github.com/sven-seyfert/apiprobe/internal/report/notify.go:33.2,37.99 4 0
github.com/sven-seyfert/apiprobe/internal/report/notify.go:37.99,41.17 3 0
github.com/sven-seyfert/apiprobe/internal/report/notify.go:41.17,43.4 1 0
github.com/sven-seyfert/apiprobe/internal/report/notify.go:45.3,45.23 1 0
github.com/sven-seyfert/apiprobe/internal/report/notify.go:45.23,47.4 1 0
github.com/sven-seyfert/apiprobe/internal/report/notify.go:49.3,49.49 1 0
github.com/sven-seyfert/apiprobe/internal/report/notify.go:49.49,51.4 1 0
github.com/sven-seyfert/apiprobe/internal/report/notify.go:53.3,66.9 4 0
github.com/sven-seyfert/apiprobe/internal/report/notify.go:69.2,69.51 1 0
github.com/sven-seyfert/apiprobe/internal/report/notify.go:69.51,73.3 2 0
github.com/sven-seyfert/apiprobe/internal/report/notify.go:75.2,76.16 2 0
github.com/sven-seyfert/apiprobe/internal/report/notify.go:76.16,80.3 2 0
github.com/sven-seyfert/apiprobe/internal/report/notify.go:82.2,85.19 3 0
github.com/sven-seyfert/apiprobe/internal/report/notify.go:85.19,87.3 1 0
github.com/sven-seyfert/apiprobe/internal/report/notify.go:89.2,98.98 3 0
github.com/sven-seyfert/apiprobe/internal/report/notify.go:98.98,100.3 1 0
github.com/sven-seyfert/apiprobe/internal/report/notify.go:102.2,120.18 4 0
github.com/sven-seyfert/apiprobe/internal/report/notify.go:125.46,128.16 2 0
github.com/sven-seyfert/apiprobe/internal/report/notify.go:128.16,136.3 6 0
github.com/sven-seyfert/apiprobe/internal/report/notify.go:138.2,138.29 1 0
github.com/sven-seyfert/apiprobe/internal/report/notify.go:149.3,154.49 3 0
github.com/sven-seyfert/apiprobe/internal/report/notify.go:154.49,158.3 3 0
github.com/sven-seyfert/apiprobe/internal/report/notify.go:160.2,161.16 2 0
github.com/sven-seyfert/apiprobe/internal/report/notify.go:161.16,165.3 2 0
github.com/sven-seyfert/apiprobe/internal/report/notify.go:167.2,170.16 3 0
github.com/sven-seyfert/apiprobe/internal/report/notify.go:170.16,174.3 2 0
github.com/sven-seyfert/apiprobe/internal/report/notify.go:175.2,175.25 1 0
github.com/sven-seyfert/apiprobe/internal/report/report.go:20.48,22.2 1 0
github.com/sven-seyfert/apiprobe/internal/report/report.go:25.47,27.2 1 0
github.com/sven-seyfert/apiprobe/internal/report/report.go:30.48,32.2 1 0
github.com/sven-seyfert/apiprobe/internal/report/report.go:56.3,61.42 3 0
github.com/sven-seyfert/apiprobe/internal/report/report.go:61.42,63.3 1 0
github.com/sven-seyfert/apiprobe/internal/report/report.go:65.2,76.42 2 0
github.com/sven-seyfert/apiprobe/internal/report/report.go:81.52,83.16 2 0
github.com/sven-seyfert/apiprobe/internal/report/report.go:83.16,87.3 2 0
github.com/sven-seyfert/apiprobe/internal/report/report.go:88.2,93.41 4 0
github.com/sven-seyfert/apiprobe/internal/report/report.go:93.41,97.3 2 0
github.com/sven-seyfert/apiprobe/internal/report/report.go:99.2,99.12 1 0
github.com/sven-seyfert/apiprobe/internal/report/report.go:106.56,108.29 2 0
github.com/sven-seyfert/apiprobe/internal/report/report.go:108.29,110.3 1 0
github.com/sven-seyfert/apiprobe/internal/report/report.go:112.2,115.16 3 0
github.com/sven-seyfert/apiprobe/internal/report/report.go:115.16,119.3 2 0
github.com/sven-seyfert/apiprobe/internal/report/report.go:121.2,123.31 2 0
github.com/sven-seyfert/apiprobe/internal/report/report.go:129.52,133.16 3 0
github.com/sven-seyfert/apiprobe/internal/report/report.go:133.16,137.3 2 0
github.com/sven-seyfert/apiprobe/internal/report/report.go:138.2,145.43 5 0
github.com/sven-seyfert/apiprobe/internal/report/report.go:145.43,149.3 2 0
github.com/sven-seyfert/apiprobe/internal/report/report.go:151.2,151.12 1 0
github.com/sven-seyfert/apiprobe/internal/flags/flags.go:29.23,30.22 1 0
github.com/sven-seyfert/apiprobe/internal/flags/flags.go:30.22,34.3 3 0
github.com/sven-seyfert/apiprobe/internal/flags/flags.go:36.2,78.17 10 0
github.com/sven-seyfert/apiprobe/internal/flags/flags.go:84.42,87.14 2 0
github.com/sven-seyfert/apiprobe/internal/flags/flags.go:87.14,89.3 1 0
github.com/sven-seyfert/apiprobe/internal/flags/flags.go:91.2,92.16 2 0
github.com/sven-seyfert/apiprobe/internal/flags/flags.go:92.16,96.3 2 0
github.com/sven-seyfert/apiprobe/internal/flags/flags.go:98.2,102.22 3 0
github.com/sven-seyfert/apiprobe/internal/flags/flags.go:108.46,111.16 2 0
github.com/sven-seyfert/apiprobe/internal/flags/flags.go:111.16,113.3 1 0
github.com/sven-seyfert/apiprobe/internal/flags/flags.go:115.2,116.16 2 0
github.com/sven-seyfert/apiprobe/internal/flags/flags.go:116.16,120.3 2 0
github.com/sven-seyfert/apiprobe/internal/flags/flags.go:122.2,122.54 1 0
github.com/sven-seyfert/apiprobe/internal/flags/flags.go:122.54,124.3 1 0
github.com/sven-seyfert/apiprobe/internal/flags/flags.go:126.2,128.22 2 0
github.com/sven-seyfert/apiprobe/internal/flags/flags.go:134.50,174.16 4 0
github.com/sven-seyfert/apiprobe/internal/flags/flags.go:174.16,178.3 2 0
github.com/sven-seyfert/apiprobe/internal/flags/flags.go:180.2,184.16 4 0
github.com/sven-seyfert/apiprobe/internal/flags/flags.go:184.16,188.3 2 0
github.com/sven-seyfert/apiprobe/internal/flags/flags.go:190.2,190.12 1 0
github.com/sven-seyfert/apiprobe/internal/flags/flags.go:196.71,199.23 2 0
github.com/sven-seyfert/apiprobe/internal/flags/flags.go:199.23,201.3 1 0
github.com/sven-seyfert/apiprobe/internal/flags/flags.go:203.2,204.16 2 0
github.com/sven-seyfert/apiprobe/internal/flags/flags.go:204.16,208.3 2 0
github.com/sven-seyfert/apiprobe/internal/flags/flags.go:210.2,213.16 3 0
github.com/sven-seyfert/apiprobe/internal/flags/flags.go:213.16,215.3 1 0
github.com/sven-seyfert/apiprobe/internal/flags/flags.go:217.2,217.66 1 0
github.com/sven-seyfert/apiprobe/internal/flags/flags.go:217.66,219.3 1 0
github.com/sven-seyfert/apiprobe/internal/flags/flags.go:221.2,222.16 2 0
github.com/sven-seyfert/apiprobe/internal/flags/flags.go:222.16,224.3 1 0
github.com/sven-seyfert/apiprobe/internal/flags/flags.go:226.2,232.22 3 0
github.com/sven-seyfert/apiprobe/internal/loader/filter.go:13.83,14.22 1 0
github.com/sven-seyfert/apiprobe/internal/loader/filter.go:14.22,16.3 1 0
github.com/sven-seyfert/apiprobe/internal/loader/filter.go:18.2,21.28 3 0
github.com/sven-seyfert/apiprobe/internal/loader/filter.go:21.28,23.15 2 0
github.com/sven-seyfert/apiprobe/internal/loader/filter.go:23.15,25.4 1 0
github.com/sven-seyfert/apiprobe/internal/loader/filter.go:28.2,30.31 2 0
github.com/sven-seyfert/apiprobe/internal/loader/filter.go:30.31,31.45 1 0
github.com/sven-seyfert/apiprobe/internal/loader/filter.go:31.45,33.4 1 0
github.com/sven-seyfert/apiprobe/internal/loader/filter.go:36.2,36.25 1 0
github.com/sven-seyfert/apiprobe/internal/loader/filter.go:42.91,43.24 1 0
github.com/sven-seyfert/apiprobe/internal/loader/filter.go:43.24,47.3 2 0
github.com/sven-seyfert/apiprobe/internal/loader/filter.go:50.2,50.14 1 0
github.com/sven-seyfert/apiprobe/internal/loader/filter.go:50.14,51.50 1 0
github.com/sven-seyfert/apiprobe/internal/loader/filter.go:51.50,53.4 1 0
github.com/sven-seyfert/apiprobe/internal/loader/filter.go:55.3,57.24 2 0
github.com/sven-seyfert/apiprobe/internal/loader/filter.go:61.2,61.16 1 0
github.com/sven-seyfert/apiprobe/internal/loader/filter.go:61.16,65.32 3 0
github.com/sven-seyfert/apiprobe/internal/loader/filter.go:65.32,67.17 2 0
github.com/sven-seyfert/apiprobe/internal/loader/filter.go:67.17,69.5 1 0
github.com/sven-seyfert/apiprobe/internal/loader/filter.go:72.3,73.32 2 0
github.com/sven-seyfert/apiprobe/internal/loader/filter.go:73.32,75.4 1 0
github.com/sven-seyfert/apiprobe/internal/loader/filter.go:77.3,79.24 2 0
github.com/sven-seyfert/apiprobe/internal/loader/filter.go:83.2,83.24 1 0
github.com/sven-seyfert/apiprobe/internal/loader/filter.go:88.64,89.31 1 0
github.com/sven-seyfert/apiprobe/internal/loader/filter.go:89.31,90.19 1 0
github.com/sven-seyfert/apiprobe/internal/loader/filter.go:90.19,92.4 1 0
github.com/sven-seyfert/apiprobe/internal/loader/filter.go:95.2,95.12 1 0
github.com/sven-seyfert/apiprobe/internal/loader/filter.go:100.78,103.31 2 0
github.com/sven-seyfert/apiprobe/internal/loader/filter.go:103.31,105.3 1 0
github.com/sven-seyfert/apiprobe/internal/loader/filter.go:107.2,110.31 2 0
github.com/sven-seyfert/apiprobe/internal/loader/filter.go:110.31,111.32 1 0
github.com/sven-seyfert/apiprobe/internal/loader/filter.go:111.32,112.35 1 0
github.com/sven-seyfert/apiprobe/internal/loader/filter.go:112.35,115.10 2 0
github.com/sven-seyfert/apiprobe/internal/loader/filter.go:120.2,120.25 1 0
github.com/sven-seyfert/apiprobe/internal/loader/filter.go:127.108,130.43 2 0
github.com/sven-seyfert/apiprobe/internal/loader/filter.go:130.43,132.3 1 0
github.com/sven-seyfert/apiprobe/internal/loader/filter.go:134.2,140.47 4 0
github.com/sven-seyfert/apiprobe/internal/loader/filter.go:140.47,142.18 2 0
github.com/sven-seyfert/apiprobe/internal/loader/filter.go:142.18,143.12 1 0
github.com/sven-seyfert/apiprobe/internal/loader/filter.go:146.3,146.37 1 0
github.com/sven-seyfert/apiprobe/internal/loader/filter.go:146.37,150.4 2 0
github.com/sven-seyfert/apiprobe/internal/loader/filter.go:152.3,153.13 2 0
github.com/sven-seyfert/apiprobe/internal/loader/filter.go:153.13,157.4 2 0
github.com/sven-seyfert/apiprobe/internal/loader/filter.go:159.3,159.44 1 0
github.com/sven-seyfert/apiprobe/internal/loader/filter.go:163.2,165.44 2 0
github.com/sven-seyfert/apiprobe/internal/loader/filter.go:171.65,175.35 3 0
github.com/sven-seyfert/apiprobe/internal/loader/filter.go:175.35,176.20 1 0
github.com/sven-seyfert/apiprobe/internal/loader/filter.go:176.20,179.4 2 0
github.com/sven-seyfert/apiprobe/internal/loader/filter.go:182.2,182.15 1 0
github.com/sven-seyfert/apiprobe/internal/loader/loader.go:60.48,63.65 2 0
github.com/sven-seyfert/apiprobe/internal/loader/loader.go:63.65,67.3 2 0
github.com/sven-seyfert/apiprobe/internal/loader/loader.go:69.2,70.68 2 0
github.com/sven-seyfert/apiprobe/internal/loader/loader.go:70.68,74.3 2 0
github.com/sven-seyfert/apiprobe/internal/loader/loader.go:76.2,79.75 2 0
github.com/sven-seyfert/apiprobe/internal/loader/loader.go:79.75,81.3 1 0
github.com/sven-seyfert/apiprobe/internal/loader/loader.go:84.2,85.16 2 0
github.com/sven-seyfert/apiprobe/internal/loader/loader.go:85.16,87.3 1 0
github.com/sven-seyfert/apiprobe/internal/loader/loader.go:89.2,91.12 2 0
github.com/sven-seyfert/apiprobe/internal/loader/loader.go:98.52,99.33 1 0
github.com/sven-seyfert/apiprobe/internal/loader/loader.go:99.33,104.71 3 0
github.com/sven-seyfert/apiprobe/internal/loader/loader.go:104.71,107.12 2 0
github.com/sven-seyfert/apiprobe/internal/loader/loader.go:110.3,111.70 2 0
github.com/sven-seyfert/apiprobe/internal/loader/loader.go:111.70,115.4 2 0
github.com/sven-seyfert/apiprobe/internal/loader/loader.go:117.3,120.76 2 0
github.com/sven-seyfert/apiprobe/internal/loader/loader.go:120.76,121.12 1 0
github.com/sven-seyfert/apiprobe/internal/loader/loader.go:125.3,126.17 2 0
github.com/sven-seyfert/apiprobe/internal/loader/loader.go:126.17,128.4 1 0
github.com/sven-seyfert/apiprobe/internal/loader/loader.go:130.3,130.34 1 0
github.com/sven-seyfert/apiprobe/internal/loader/loader.go:133.2,133.12 1 0
github.com/sven-seyfert/apiprobe/internal/loader/loader.go:139.57,141.65 2 0
github.com/sven-seyfert/apiprobe/internal/loader/loader.go:141.65,145.3 2 0
github.com/sven-seyfert/apiprobe/internal/loader/loader.go:147.2,148.33 2 0
github.com/sven-seyfert/apiprobe/internal/loader/loader.go:148.33,150.3 1 0
github.com/sven-seyfert/apiprobe/internal/loader/loader.go:152.2,155.16 3 0
github.com/sven-seyfert/apiprobe/internal/loader/loader.go:155.16,159.3 2 0
github.com/sven-seyfert/apiprobe/internal/loader/loader.go:161.2,161.21 1 0
github.com/sven-seyfert/apiprobe/internal/loader/loader.go:166.49,172.33 4 0
github.com/sven-seyfert/apiprobe/internal/loader/loader.go:172.33,175.3 2 0
github.com/sven-seyfert/apiprobe/internal/loader/loader.go:177.2,177.28 1 0
github.com/sven-seyfert/apiprobe/internal/loader/loader.go:183.52,193.42 2 0
github.com/sven-seyfert/apiprobe/internal/loader/loader.go:193.42,195.3 1 0
github.com/sven-seyfert/apiprobe/internal/loader/loader.go:197.2,197.83 1 0
github.com/sven-seyfert/apiprobe/internal/loader/loader.go:197.83,198.33 1 0
github.com/sven-seyfert/apiprobe/internal/loader/loader.go:198.33,202.76 2 0
github.com/sven-seyfert/apiprobe/internal/loader/loader.go:202.76,204.5 1 0
github.com/sven-seyfert/apiprobe/internal/loader/loader.go:206.4,206.49 1 0
github.com/sven-seyfert/apiprobe/internal/loader/loader.go:210.2,210.33 1 0
github.com/sven-seyfert/apiprobe/internal/loader/loader.go:210.33,212.3 1 0
github.com/sven-seyfert/apiprobe/internal/loader/loader.go:214.2,214.45 1 0
github.com/sven-seyfert/apiprobe/internal/loader/loader.go:214.45,216.3 1 0
github.com/sven-seyfert/apiprobe/internal/loader/loader.go:218.2,218.16 1 0
github.com/sven-seyfert/apiprobe/internal/loader/loader.go:223.47,228.83 3 0
github.com/sven-seyfert/apiprobe/internal/loader/loader.go:228.83,229.17 1 0
github.com/sven-seyfert/apiprobe/internal/loader/loader.go:229.17,233.4 2 0
github.com/sven-seyfert/apiprobe/internal/loader/loader.go:235.3,235.36 1 0
github.com/sven-seyfert/apiprobe/internal/loader/loader.go:235.36,237.22 2 0
github.com/sven-seyfert/apiprobe/internal/loader/loader.go:237.22,239.5 1 0
github.com/sven-seyfert/apiprobe/internal/loader/loader.go:241.4,241.47 1 0
github.com/sven-seyfert/apiprobe/internal/loader/loader.go:244.3,244.13 1 0
github.com/sven-seyfert/apiprobe/internal/loader/loader.go:247.2,247.22 1 0
github.com/sven-seyfert/apiprobe/internal/loader/loader.go:252.79,254.16 2 0
github.com/sven-seyfert/apiprobe/internal/loader/loader.go:254.16,258.3 2 0
github.com/sven-seyfert/apiprobe/internal/loader/loader.go:260.2,262.59 2 0
github.com/sven-seyfert/apiprobe/internal/loader/loader.go:262.59,266.3 2 0
github.com/sven-seyfert/apiprobe/internal/loader/loader.go:269.2,270.16 2 0
github.com/sven-seyfert/apiprobe/internal/loader/loader.go:270.16,274.3 2 0
github.com/sven-seyfert/apiprobe/internal/loader/loader.go:276.2,278.31 2 0
github.com/sven-seyfert/apiprobe/internal/loader/loader.go:278.31,281.3 2 0
github.com/sven-seyfert/apiprobe/internal/loader/loader.go:283.2,283.21 1 0
github.com/sven-seyfert/apiprobe/internal/auth/token-handler.go:14.96,19.47 3 0
github.com/sven-seyfert/apiprobe/internal/auth/token-handler.go:19.47,20.60 1 0
github.com/sven-seyfert/apiprobe/internal/auth/token-handler.go:20.60,21.12 1 0
github.com/sven-seyfert/apiprobe/internal/auth/token-handler.go:24.3,24.54 1 0
github.com/sven-seyfert/apiprobe/internal/auth/token-handler.go:24.54,31.9 4 0
github.com/sven-seyfert/apiprobe/internal/auth/token-handler.go:34.3,34.66 1 0
github.com/sven-seyfert/apiprobe/internal/auth/token-handler.go:40.94,44.51 3 0
github.com/sven-seyfert/apiprobe/internal/auth/token-handler.go:44.51,46.3 1 0
github.com/sven-seyfert/apiprobe/internal/auth/token-handler.go:46.8,48.3 1 0
github.com/sven-seyfert/apiprobe/internal/auth/token.go:11.34,15.2 1 0
github.com/sven-seyfert/apiprobe/internal/auth/token.go:19.49,20.37 1 0
github.com/sven-seyfert/apiprobe/internal/auth/token.go:20.37,22.3 1 0
github.com/sven-seyfert/apiprobe/internal/auth/token.go:24.2,26.13 2 0
github.com/sven-seyfert/apiprobe/internal/auth/token.go:31.52,32.35 1 0
github.com/sven-seyfert/apiprobe/internal/auth/token.go:32.35,34.3 1 0
github.com/sven-seyfert/apiprobe/internal/auth/token.go:36.2,36.18 1 0
github.com/sven-seyfert/apiprobe/internal/config/config.go:33.45,35.16 2 0
github.com/sven-seyfert/apiprobe/internal/config/config.go:35.16,39.3 2 0
github.com/sven-seyfert/apiprobe/internal/config/config.go:40.2,46.44 4 0
github.com/sven-seyfert/apiprobe/internal/config/config.go:46.44,50.3 2 0
github.com/sven-seyfert/apiprobe/internal/config/config.go:52.2,52.18 1 0
github.com/sven-seyfert/apiprobe/internal/crypto/obfuscator.go:16.36,21.2 3 0
github.com/sven-seyfert/apiprobe/internal/crypto/obfuscator.go:24.38,25.16 1 0
github.com/sven-seyfert/apiprobe/internal/crypto/obfuscator.go:25.16,27.3 1 0
github.com/sven-seyfert/apiprobe/internal/crypto/obfuscator.go:29.2,33.16 4 0
github.com/sven-seyfert/apiprobe/internal/crypto/obfuscator.go:33.16,37.3 2 0
github.com/sven-seyfert/apiprobe/internal/crypto/obfuscator.go:39.2,39.27 1 0
github.com/sven-seyfert/apiprobe/internal/crypto/obfuscator.go:43.31,48.30 3 0
github.com/sven-seyfert/apiprobe/internal/crypto/obfuscator.go:48.30,52.3 2 0
github.com/sven-seyfert/apiprobe/internal/crypto/obfuscator.go:54.2,54.27 1 0
github.com/sven-seyfert/apiprobe/internal/crypto/obfuscator.go:59.32,65.42 4 0
github.com/sven-seyfert/apiprobe/internal/crypto/obfuscator.go:65.42,67.3 1 0
github.com/sven-seyfert/apiprobe/internal/crypto/obfuscator.go:69.2,71.32 2 0
github.com/sven-seyfert/apiprobe/internal/crypto/secrets.go:19.108,20.39 1 0
github.com/sven-seyfert/apiprobe/internal/crypto/secrets.go:20.39,22.17 2 0
github.com/sven-seyfert/apiprobe/internal/crypto/secrets.go:22.17,24.4 1 0
github.com/sven-seyfert/apiprobe/internal/crypto/secrets.go:26.3,29.17 3 0
github.com/sven-seyfert/apiprobe/internal/crypto/secrets.go:29.17,31.4 1 0
github.com/sven-seyfert/apiprobe/internal/crypto/secrets.go:33.3,35.71 2 0
github.com/sven-seyfert/apiprobe/internal/crypto/secrets.go:35.71,37.4 1 0
github.com/sven-seyfert/apiprobe/internal/crypto/secrets.go:39.3,39.72 1 0
github.com/sven-seyfert/apiprobe/internal/crypto/secrets.go:39.72,41.4 1 0
github.com/sven-seyfert/apiprobe/internal/crypto/secrets.go:43.3,43.70 1 0
github.com/sven-seyfert/apiprobe/internal/crypto/secrets.go:43.70,45.4 1 0
github.com/sven-seyfert/apiprobe/internal/crypto/secrets.go:48.2,48.30 1 0
github.com/sven-seyfert/apiprobe/internal/crypto/secrets.go:55.75,58.42 2 0
github.com/sven-seyfert/apiprobe/internal/crypto/secrets.go:58.42,60.3 1 0
github.com/sven-seyfert/apiprobe/internal/crypto/secrets.go:62.2,64.22 2 0
github.com/sven-seyfert/apiprobe/internal/crypto/secrets.go:64.22,68.3 2 0
github.com/sven-seyfert/apiprobe/internal/crypto/secrets.go:70.2,71.16 2 0
github.com/sven-seyfert/apiprobe/internal/crypto/secrets.go:71.16,75.3 2 0
github.com/sven-seyfert/apiprobe/internal/crypto/secrets.go:77.2,77.18 1 0
github.com/sven-seyfert/apiprobe/internal/crypto/secrets.go:77.18,82.3 3 0
github.com/sven-seyfert/apiprobe/internal/crypto/secrets.go:84.2,86.17 2 0
github.com/sven-seyfert/apiprobe/internal/crypto/secrets.go:92.71,93.33 1 0
github.com/sven-seyfert/apiprobe/internal/crypto/secrets.go:93.33,95.17 2 0
github.com/sven-seyfert/apiprobe/internal/crypto/secrets.go:95.17,97.4 1 0
github.com/sven-seyfert/apiprobe/internal/crypto/secrets.go:99.3,99.25 1 0
github.com/sven-seyfert/apiprobe/internal/crypto/secrets.go:102.2,102.12 1 0
github.com/sven-seyfert/apiprobe/internal/crypto/secrets.go:108.86,109.29 1 0
github.com/sven-seyfert/apiprobe/internal/crypto/secrets.go:109.29,114.32 3 0
github.com/sven-seyfert/apiprobe/internal/crypto/secrets.go:114.32,116.18 2 0
github.com/sven-seyfert/apiprobe/internal/crypto/secrets.go:116.18,120.5 2 0
github.com/sven-seyfert/apiprobe/internal/crypto/secrets.go:123.3,123.34 1 0
github.com/sven-seyfert/apiprobe/internal/crypto/secrets.go:123.34,125.18 2 0
github.com/sven-seyfert/apiprobe/internal/crypto/secrets.go:125.18,129.5 2 0
github.com/sven-seyfert/apiprobe/internal/crypto/secrets.go:133.2,133.12 1 0
github.com/sven-seyfert/apiprobe/internal/crypto/secrets.go:139.45,143.22 3 0
github.com/sven-seyfert/apiprobe/internal/crypto/secrets.go:143.22,147.3 2 0
github.com/sven-seyfert/apiprobe/internal/crypto/secrets.go:149.2,149.19 1 0
github.com/sven-seyfert/apiprobe/internal/db/sqlite.go:19.35,22.16 2 0
github.com/sven-seyfert/apiprobe/internal/db/sqlite.go:22.16,26.3 2 0
github.com/sven-seyfert/apiprobe/internal/db/sqlite.go:29.2,36.16 3 0
github.com/sven-seyfert/apiprobe/internal/db/sqlite.go:36.16,40.3 2 0
github.com/sven-seyfert/apiprobe/internal/db/sqlite.go:42.2,42.18 1 0
github.com/sven-seyfert/apiprobe/internal/db/sqlite.go:48.46,51.16 2 0
github.com/sven-seyfert/apiprobe/internal/db/sqlite.go:51.16,53.3 1 0
github.com/sven-seyfert/apiprobe/internal/db/sqlite.go:55.2,55.15 1 0
github.com/sven-seyfert/apiprobe/internal/db/sqlite.go:55.15,57.3 1 0
github.com/sven-seyfert/apiprobe/internal/db/sqlite.go:60.2,61.16 2 0
github.com/sven-seyfert/apiprobe/internal/db/sqlite.go:61.16,63.3 1 0
github.com/sven-seyfert/apiprobe/internal/db/sqlite.go:65.2,68.16 3 0
github.com/sven-seyfert/apiprobe/internal/db/sqlite.go:68.16,72.3 2 0
github.com/sven-seyfert/apiprobe/internal/db/sqlite.go:74.2,74.12 1 0
github.com/sven-seyfert/apiprobe/internal/db/sqlite.go:79.57,86.45 3 0
github.com/sven-seyfert/apiprobe/internal/db/sqlite.go:86.45,90.4 2 0
github.com/sven-seyfert/apiprobe/internal/db/sqlite.go:92.2,92.16 1 0
github.com/sven-seyfert/apiprobe/internal/db/sqlite.go:92.16,96.3 2 0
github.com/sven-seyfert/apiprobe/internal/db/sqlite.go:98.2,98.19 1 0
github.com/sven-seyfert/apiprobe/internal/db/sqlite.go:103.37,105.16 2 0
github.com/sven-seyfert/apiprobe/internal/db/sqlite.go:105.16,109.3 2 0
github.com/sven-seyfert/apiprobe/internal/db/sqlite.go:110.2,116.6 4 0
github.com/sven-seyfert/apiprobe/internal/db/sqlite.go:116.6,118.24 2 0
github.com/sven-seyfert/apiprobe/internal/db/sqlite.go:118.24,119.9 1 0
github.com/sven-seyfert/apiprobe/internal/db/sqlite.go:122.3,122.21 1 0
github.com/sven-seyfert/apiprobe/internal/db/sqlite.go:122.21,126.4 2 0
github.com/sven-seyfert/apiprobe/internal/db/sqlite.go:128.3,130.69 3 0
github.com/sven-seyfert/apiprobe/internal/db/sqlite.go:133.2,136.27 3 0
github.com/sven-seyfert/apiprobe/internal/db/sqlite.go:141.72,143.16 2 0
github.com/sven-seyfert/apiprobe/internal/db/sqlite.go:143.16,147.3 2 0
github.com/sven-seyfert/apiprobe/internal/db/sqlite.go:149.2,149.15 1 0
github.com/sven-seyfert/apiprobe/internal/db/sqlite.go:149.15,150.40 1 0
github.com/sven-seyfert/apiprobe/internal/db/sqlite.go:150.40,152.4 1 0
github.com/sven-seyfert/apiprobe/internal/db/sqlite.go:155.2,158.38 3 0
github.com/sven-seyfert/apiprobe/internal/db/sqlite.go:158.38,162.3 2 0
github.com/sven-seyfert/apiprobe/internal/db/sqlite.go:164.2,164.12 1 0
github.com/sven-seyfert/apiprobe/internal/db/sqlite.go:170.65,172.16 2 0
github.com/sven-seyfert/apiprobe/internal/db/sqlite.go:172.16,176.3 2 0
github.com/sven-seyfert/apiprobe/internal/db/sqlite.go:178.2,178.15 1 0
github.com/sven-seyfert/apiprobe/internal/db/sqlite.go:178.15,179.40 1 0
github.com/sven-seyfert/apiprobe/internal/db/sqlite.go:179.40,181.4 1 0
github.com/sven-seyfert/apiprobe/internal/db/sqlite.go:184.2,187.16 3 0
github.com/sven-seyfert/apiprobe/internal/db/sqlite.go:187.16,191.3 2 0
github.com/sven-seyfert/apiprobe/internal/db/sqlite.go:193.2,193.13 1 0
github.com/sven-seyfert/apiprobe/internal/db/sqlite.go:193.13,195.3 1 0
github.com/sven-seyfert/apiprobe/internal/db/sqlite.go:197.2,199.20 2 0
github.com/sven-seyfert/apiprobe/internal/diff/diff.go:15.76,17.16 2 0
github.com/sven-seyfert/apiprobe/internal/diff/diff.go:17.16,19.3 1 0
github.com/sven-seyfert/apiprobe/internal/diff/diff.go:21.2,26.16 4 0
github.com/sven-seyfert/apiprobe/internal/diff/diff.go:26.16,30.3 2 0
github.com/sven-seyfert/apiprobe/internal/diff/diff.go:32.2,34.25 2 0
github.com/sven-seyfert/apiprobe/internal/diff/diff.go:34.25,38.3 2 0
github.com/sven-seyfert/apiprobe/internal/diff/diff.go:40.2,42.68 2 0
github.com/sven-seyfert/apiprobe/internal/diff/diff.go:42.68,44.3 1 0
github.com/sven-seyfert/apiprobe/internal/diff/diff.go:46.2,46.18 1 0
github.com/sven-seyfert/apiprobe/internal/exec/curl-format.go:14.43,16.21 2 0
github.com/sven-seyfert/apiprobe/internal/exec/curl-format.go:16.21,18.3 1 0
github.com/sven-seyfert/apiprobe/internal/exec/curl-format.go:20.2,31.29 5 0
github.com/sven-seyfert/apiprobe/internal/exec/curl-format.go:31.29,32.20 1 0
github.com/sven-seyfert/apiprobe/internal/exec/curl-format.go:32.20,33.21 1 0
github.com/sven-seyfert/apiprobe/internal/exec/curl-format.go:33.21,36.5 2 0
github.com/sven-seyfert/apiprobe/internal/exec/curl-format.go:36.10,38.5 1 0
github.com/sven-seyfert/apiprobe/internal/exec/curl-format.go:40.4,40.12 1 0
github.com/sven-seyfert/apiprobe/internal/exec/curl-format.go:43.3,45.20 2 0
github.com/sven-seyfert/apiprobe/internal/exec/curl-format.go:45.20,48.4 2 0
github.com/sven-seyfert/apiprobe/internal/exec/curl-format.go:48.9,50.4 1 0
github.com/sven-seyfert/apiprobe/internal/exec/curl-format.go:53.2,53.21 1 0
github.com/sven-seyfert/apiprobe/internal/exec/curl-format.go:53.21,55.3 1 0
github.com/sven-seyfert/apiprobe/internal/exec/curl-format.go:57.2,60.15 3 0
github.com/sven-seyfert/apiprobe/internal/exec/curl-format.go:65.42,79.40 3 0
github.com/sven-seyfert/apiprobe/internal/exec/curl-format.go:79.40,82.36 2 0
github.com/sven-seyfert/apiprobe/internal/exec/curl-format.go:82.36,83.12 1 0
github.com/sven-seyfert/apiprobe/internal/exec/curl-format.go:86.3,86.37 1 0
github.com/sven-seyfert/apiprobe/internal/exec/curl-format.go:86.37,88.12 2 0
github.com/sven-seyfert/apiprobe/internal/exec/curl-format.go:91.3,94.75 3 0
github.com/sven-seyfert/apiprobe/internal/exec/curl-format.go:94.75,95.19 1 0
github.com/sven-seyfert/apiprobe/internal/exec/curl-format.go:95.19,97.5 1 0
github.com/sven-seyfert/apiprobe/internal/exec/curl-format.go:99.4,100.15 2 0
github.com/sven-seyfert/apiprobe/internal/exec/curl-format.go:103.3,104.22 2 0
github.com/sven-seyfert/apiprobe/internal/exec/curl-format.go:107.2,107.15 1 0
github.com/sven-seyfert/apiprobe/internal/exec/curl-format.go:112.44,113.14 1 0
github.com/sven-seyfert/apiprobe/internal/exec/curl-format.go:114.54,115.15 1 0
github.com/sven-seyfert/apiprobe/internal/exec/curl-format.go:116.10,117.47 1 0
github.com/sven-seyfert/apiprobe/internal/exec/curl-format.go:123.42,125.2 1 0
github.com/sven-seyfert/apiprobe/internal/exec/curl.go:19.107,26.15 4 0
github.com/sven-seyfert/apiprobe/internal/exec/curl.go:26.15,28.3 1 0
github.com/sven-seyfert/apiprobe/internal/exec/curl.go:30.2,41.16 9 0
github.com/sven-seyfert/apiprobe/internal/exec/curl.go:41.16,47.3 4 0
github.com/sven-seyfert/apiprobe/internal/exec/curl.go:49.2,50.16 2 0
github.com/sven-seyfert/apiprobe/internal/exec/curl.go:50.16,52.3 1 0
github.com/sven-seyfert/apiprobe/internal/exec/curl.go:54.2,56.41 2 0
github.com/sven-seyfert/apiprobe/internal/exec/curl.go:56.41,61.3 3 0
github.com/sven-seyfert/apiprobe/internal/exec/curl.go:63.2,63.34 1 0
github.com/sven-seyfert/apiprobe/internal/exec/curl.go:69.63,72.34 2 0
github.com/sven-seyfert/apiprobe/internal/exec/curl.go:72.34,76.3 2 0
github.com/sven-seyfert/apiprobe/internal/exec/curl.go:78.2,81.30 3 0
github.com/sven-seyfert/apiprobe/internal/exec/exec.go:28.3,29.26 1 0
github.com/sven-seyfert/apiprobe/internal/exec/exec.go:29.26,32.3 2 0
github.com/sven-seyfert/apiprobe/internal/exec/exec.go:34.2,39.16 4 0
github.com/sven-seyfert/apiprobe/internal/exec/exec.go:39.16,43.27 3 0
github.com/sven-seyfert/apiprobe/internal/exec/exec.go:43.27,45.4 1 0
github.com/sven-seyfert/apiprobe/internal/exec/exec.go:45.9,47.4 1 0
github.com/sven-seyfert/apiprobe/internal/exec/exec.go:49.3,49.9 1 0
github.com/sven-seyfert/apiprobe/internal/exec/exec.go:52.2,53.16 2 0
github.com/sven-seyfert/apiprobe/internal/exec/exec.go:53.16,57.27 3 0
github.com/sven-seyfert/apiprobe/internal/exec/exec.go:57.27,59.4 1 0
github.com/sven-seyfert/apiprobe/internal/exec/exec.go:59.9,61.4 1 0
github.com/sven-seyfert/apiprobe/internal/exec/exec.go:63.3,63.9 1 0
github.com/sven-seyfert/apiprobe/internal/exec/exec.go:66.2,66.23 1 0
github.com/sven-seyfert/apiprobe/internal/exec/exec.go:66.23,72.3 3 0
github.com/sven-seyfert/apiprobe/internal/exec/exec.go:74.2,75.16 2 0
github.com/sven-seyfert/apiprobe/internal/exec/exec.go:75.16,79.3 2 0
github.com/sven-seyfert/apiprobe/internal/exec/exec.go:81.2,81.17 1 0
github.com/sven-seyfert/apiprobe/internal/exec/exec.go:81.17,83.3 1 0
github.com/sven-seyfert/apiprobe/internal/exec/exec.go:85.2,87.26 2 0
github.com/sven-seyfert/apiprobe/internal/exec/exec.go:87.26,89.3 1 0
github.com/sven-seyfert/apiprobe/internal/exec/exec.go:89.8,91.3 1 0
github.com/sven-seyfert/apiprobe/internal/exec/exec.go:104.3,105.53 1 0
github.com/sven-seyfert/apiprobe/internal/exec/exec.go:105.53,106.63 1 0
github.com/sven-seyfert/apiprobe/internal/exec/exec.go:106.63,107.12 1 0
github.com/sven-seyfert/apiprobe/internal/exec/exec.go:110.3,112.32 2 0
github.com/sven-seyfert/apiprobe/internal/exec/exec.go:112.32,114.4 1 0
github.com/sven-seyfert/apiprobe/internal/exec/exec.go:116.3,116.34 1 0
github.com/sven-seyfert/apiprobe/internal/exec/exec.go:116.34,118.4 1 0
github.com/sven-seyfert/apiprobe/internal/exec/exec.go:120.3,121.47 2 0
github.com/sven-seyfert/apiprobe/internal/exec/exec.go:127.114,129.16 2 0
github.com/sven-seyfert/apiprobe/internal/exec/exec.go:129.16,131.3 1 0
github.com/sven-seyfert/apiprobe/internal/exec/exec.go:133.2,133.51 1 0
github.com/sven-seyfert/apiprobe/internal/exec/exec.go:138.99,141.92 1 0
github.com/sven-seyfert/apiprobe/internal/exec/exec.go:141.92,143.3 1 0
github.com/sven-seyfert/apiprobe/internal/exec/exec.go:145.2,146.16 2 0
github.com/sven-seyfert/apiprobe/internal/exec/exec.go:146.16,148.3 1 0
github.com/sven-seyfert/apiprobe/internal/exec/exec.go:150.2,150.22 1 0
github.com/sven-seyfert/apiprobe/internal/exec/jq.go:15.84,18.21 2 1
github.com/sven-seyfert/apiprobe/internal/exec/jq.go:18.21,20.3 1 1
github.com/sven-seyfert/apiprobe/internal/exec/jq.go:22.2,23.58 2 1
github.com/sven-seyfert/apiprobe/internal/exec/jq.go:23.58,27.3 2 1
github.com/sven-seyfert/apiprobe/internal/exec/jq.go:29.2,30.16 2 1
github.com/sven-seyfert/apiprobe/internal/exec/jq.go:30.16,32.3 1 1
github.com/sven-seyfert/apiprobe/internal/exec/jq.go:34.2,35.16 2 1
github.com/sven-seyfert/apiprobe/internal/exec/jq.go:35.16,37.3 1 0
github.com/sven-seyfert/apiprobe/internal/exec/jq.go:39.2,39.31 1 1
github.com/sven-seyfert/apiprobe/internal/exec/jq.go:44.57,46.16 2 1
github.com/sven-seyfert/apiprobe/internal/exec/jq.go:46.16,50.3 2 1
github.com/sven-seyfert/apiprobe/internal/exec/jq.go:52.2,53.16 2 1
github.com/sven-seyfert/apiprobe/internal/exec/jq.go:53.16,57.3 2 0
github.com/sven-seyfert/apiprobe/internal/exec/jq.go:59.2,59.18 1 1
github.com/sven-seyfert/apiprobe/internal/exec/jq.go:65.79,69.6 3 1
github.com/sven-seyfert/apiprobe/internal/exec/jq.go:69.6,71.12 2 1
github.com/sven-seyfert/apiprobe/internal/exec/jq.go:71.12,72.9 1 1
github.com/sven-seyfert/apiprobe/internal/exec/jq.go:77.3,78.13 2 1
github.com/sven-seyfert/apiprobe/internal/exec/jq.go:78.13,81.12 2 1
github.com/sven-seyfert/apiprobe/internal/exec/jq.go:85.3,85.47 1 0
github.com/sven-seyfert/apiprobe/internal/exec/jq.go:85.47,86.27 1 0
github.com/sven-seyfert/apiprobe/internal/exec/jq.go:86.27,87.10 1 0
github.com/sven-seyfert/apiprobe/internal/exec/jq.go:92.4,92.59 1 0
github.com/sven-seyfert/apiprobe/internal/exec/jq.go:92.59,95.13 2 0
github.com/sven-seyfert/apiprobe/internal/exec/jq.go:98.4,100.22 2 0
github.com/sven-seyfert/apiprobe/internal/exec/jq.go:103.3,105.21 2 0
github.com/sven-seyfert/apiprobe/internal/exec/jq.go:108.2,108.21 1 1
github.com/sven-seyfert/apiprobe/internal/exec/jq.go:114.51,117.23 2 1
github.com/sven-seyfert/apiprobe/internal/exec/jq.go:117.23,119.3 1 1
github.com/sven-seyfert/apiprobe/internal/exec/jq.go:119.8,121.3 1 1
github.com/sven-seyfert/apiprobe/internal/exec/jq.go:123.2,124.16 2 1
github.com/sven-seyfert/apiprobe/internal/exec/jq.go:124.16,128.3 2 0
github.com/sven-seyfert/apiprobe/internal/exec/jq.go:130.2,130.17 1 1
github.com/sven-seyfert/apiprobe/internal/exec/jq.go:135.40,138.9 2 0
github.com/sven-seyfert/apiprobe/internal/exec/jq.go:138.9,139.16 1 0
github.com/sven-seyfert/apiprobe/internal/exec/jq.go:139.16,140.36 1 0
github.com/sven-seyfert/apiprobe/internal/exec/jq.go:140.36,142.5 1 0
github.com/sven-seyfert/apiprobe/internal/exec/jq.go:145.3,145.23 1 0
github.com/sven-seyfert/apiprobe/internal/exec/jq.go:148.2,148.15 1 0
github.com/sven-seyfert/apiprobe/internal/fileutil/file.go:11.48,12.55 1 0
github.com/sven-seyfert/apiprobe/internal/fileutil/file.go:12.55,13.52 1 0
github.com/sven-seyfert/apiprobe/internal/fileutil/file.go:13.52,15.4 1 0
github.com/sven-seyfert/apiprobe/internal/fileutil/file.go:17.3,17.57 1 0
github.com/sven-seyfert/apiprobe/internal/fileutil/file.go:17.57,19.4 1 0
github.com/sven-seyfert/apiprobe/internal/fileutil/file.go:22.2,22.12 1 0
github.com/sven-seyfert/apiprobe/internal/fileutil/file.go:27.62,30.70 2 0
github.com/sven-seyfert/apiprobe/internal/fileutil/file.go:30.70,34.3 2 0
github.com/sven-seyfert/apiprobe/internal/fileutil/file.go:36.2,36.12 1 0
github.com/sven-seyfert/apiprobe/internal/fileutil/path.go:17.77,23.26 4 0
github.com/sven-seyfert/apiprobe/internal/fileutil/path.go:23.26,25.3 1 0
github.com/sven-seyfert/apiprobe/internal/fileutil/path.go:25.8,27.3 1 0
github.com/sven-seyfert/apiprobe/internal/fileutil/path.go:29.2,29.39 1 0
github.com/sven-seyfert/apiprobe/internal/fileutil/path.go:34.47,37.75 2 0
github.com/sven-seyfert/apiprobe/internal/fileutil/path.go:37.75,41.3 2 0
github.com/sven-seyfert/apiprobe/internal/fileutil/path.go:43.2,43.12 1 0
github.com/sven-seyfert/apiprobe/internal/loader/filter.go:13.83,14.22 1 0
github.com/sven-seyfert/apiprobe/internal/loader/filter.go:14.22,16.3 1 0
github.com/sven-seyfert/apiprobe/internal/loader/filter.go:18.2,21.28 3 0
github.com/sven-seyfert/apiprobe/internal/loader/filter.go:21.28,23.15 2 0
github.com/sven-seyfert/apiprobe/internal/loader/filter.go:23.15,25.4 1 0
github.com/sven-seyfert/apiprobe/internal/loader/filter.go:28.2,30.31 2 0
github.com/sven-seyfert/apiprobe/internal/loader/filter.go:30.31,31.45 1 0
github.com/sven-seyfert/apiprobe/internal/loader/filter.go:31.45,33.4 1 0
github.com/sven-seyfert/apiprobe/internal/loader/filter.go:36.2,36.25 1 0
github.com/sven-seyfert/apiprobe/internal/loader/filter.go:42.91,43.24 1 0
github.com/sven-seyfert/apiprobe/internal/loader/filter.go:43.24,47.3 2 0
github.com/sven-seyfert/apiprobe/internal/loader/filter.go:50.2,50.14 1 0
github.com/sven-seyfert/apiprobe/internal/loader/filter.go:50.14,51.50 1 0
github.com/sven-seyfert/apiprobe/internal/loader/filter.go:51.50,53.4 1 0
github.com/sven-seyfert/apiprobe/internal/loader/filter.go:55.3,57.24 2 0
github.com/sven-seyfert/apiprobe/internal/loader/filter.go:61.2,61.16 1 0
github.com/sven-seyfert/apiprobe/internal/loader/filter.go:61.16,65.32 3 0
github.com/sven-seyfert/apiprobe/internal/loader/filter.go:65.32,67.17 2 0
github.com/sven-seyfert/apiprobe/internal/loader/filter.go:67.17,69.5 1 0
github.com/sven-seyfert/apiprobe/internal/loader/filter.go:72.3,73.32 2 0
github.com/sven-seyfert/apiprobe/internal/loader/filter.go:73.32,75.4 1 0
github.com/sven-seyfert/apiprobe/internal/loader/filter.go:77.3,79.24 2 0
github.com/sven-seyfert/apiprobe/internal/loader/filter.go:83.2,83.24 1 0
github.com/sven-seyfert/apiprobe/internal/loader/filter.go:88.64,89.31 1 0
github.com/sven-seyfert/apiprobe/internal/loader/filter.go:89.31,90.19 1 0
github.com/sven-seyfert/apiprobe/internal/loader/filter.go:90.19,92.4 1 0
github.com/sven-seyfert/apiprobe/internal/loader/filter.go:95.2,95.12 1 0
github.com/sven-seyfert/apiprobe/internal/loader/filter.go:100.78,103.31 2 0
github.com/sven-seyfert/apiprobe/internal/loader/filter.go:103.31,105.3 1 0
github.com/sven-seyfert/apiprobe/internal/loader/filter.go:107.2,110.31 2 0
github.com/sven-seyfert/apiprobe/internal/loader/filter.go:110.31,111.32 1 0
github.com/sven-seyfert/apiprobe/internal/loader/filter.go:111.32,112.35 1 0
github.com/sven-seyfert/apiprobe/internal/loader/filter.go:112.35,115.10 2 0
github.com/sven-seyfert/apiprobe/internal/loader/filter.go:120.2,120.25 1 0
github.com/sven-seyfert/apiprobe/internal/loader/filter.go:127.108,130.43 2 0
github.com/sven-seyfert/apiprobe/internal/loader/filter.go:130.43,132.3 1 0
github.com/sven-seyfert/apiprobe/internal/loader/filter.go:134.2,140.47 4 0
github.com/sven-seyfert/apiprobe/internal/loader/filter.go:140.47,142.18 2 0
github.com/sven-seyfert/apiprobe/internal/loader/filter.go:142.18,143.12 1 0
github.com/sven-seyfert/apiprobe/internal/loader/filter.go:146.3,146.37 1 0
github.com/sven-seyfert/apiprobe/internal/loader/filter.go:146.37,150.4 2 0
github.com/sven-seyfert/apiprobe/internal/loader/filter.go:152.3,153.13 2 0
github.com/sven-seyfert/apiprobe/internal/loader/filter.go:153.13,157.4 2 0
github.com/sven-seyfert/apiprobe/internal/loader/filter.go:159.3,159.44 1 0
github.com/sven-seyfert/apiprobe/internal/loader/filter.go:163.2,165.44 2 0
github.com/sven-seyfert/apiprobe/internal/loader/filter.go:171.65,175.35 3 0
github.com/sven-seyfert/apiprobe/internal/loader/filter.go:175.35,176.20 1 0
github.com/sven-seyfert/apiprobe/internal/loader/filter.go:176.20,179.4 2 0
github.com/sven-seyfert/apiprobe/internal/loader/filter.go:182.2,182.15 1 0
github.com/sven-seyfert/apiprobe/internal/loader/loader.go:60.48,63.65 2 0
github.com/sven-seyfert/apiprobe/internal/loader/loader.go:63.65,67.3 2 0
github.com/sven-seyfert/apiprobe/internal/loader/loader.go:69.2,70.68 2 0
github.com/sven-seyfert/apiprobe/internal/loader/loader.go:70.68,74.3 2 0
github.com/sven-seyfert/apiprobe/internal/loader/loader.go:76.2,79.75 2 0
github.com/sven-seyfert/apiprobe/internal/loader/loader.go:79.75,81.3 1 0
github.com/sven-seyfert/apiprobe/internal/loader/loader.go:84.2,85.16 2 0
github.com/sven-seyfert/apiprobe/internal/loader/loader.go:85.16,87.3 1 0
github.com/sven-seyfert/apiprobe/internal/loader/loader.go:89.2,91.12 2 0
github.com/sven-seyfert/apiprobe/internal/loader/loader.go:98.52,99.33 1 0
github.com/sven-seyfert/apiprobe/internal/loader/loader.go:99.33,104.71 3 0
github.com/sven-seyfert/apiprobe/internal/loader/loader.go:104.71,107.12 2 0
github.com/sven-seyfert/apiprobe/internal/loader/loader.go:110.3,111.70 2 0
github.com/sven-seyfert/apiprobe/internal/loader/loader.go:111.70,115.4 2 0
github.com/sven-seyfert/apiprobe/internal/loader/loader.go:117.3,120.76 2 0
github.com/sven-seyfert/apiprobe/internal/loader/loader.go:120.76,121.12 1 0
github.com/sven-seyfert/apiprobe/internal/loader/loader.go:125.3,126.17 2 0
github.com/sven-seyfert/apiprobe/internal/loader/loader.go:126.17,128.4 1 0
github.com/sven-seyfert/apiprobe/internal/loader/loader.go:130.3,130.34 1 0
github.com/sven-seyfert/apiprobe/internal/loader/loader.go:133.2,133.12 1 0
github.com/sven-seyfert/apiprobe/internal/loader/loader.go:139.57,141.65 2 0
github.com/sven-seyfert/apiprobe/internal/loader/loader.go:141.65,145.3 2 0
github.com/sven-seyfert/apiprobe/internal/loader/loader.go:147.2,148.33 2 0
github.com/sven-seyfert/apiprobe/internal/loader/loader.go:148.33,150.3 1 0
github.com/sven-seyfert/apiprobe/internal/loader/loader.go:152.2,155.16 3 0
github.com/sven-seyfert/apiprobe/internal/loader/loader.go:155.16,159.3 2 0
github.com/sven-seyfert/apiprobe/internal/loader/loader.go:161.2,161.21 1 0
github.com/sven-seyfert/apiprobe/internal/loader/loader.go:166.49,172.33 4 0
github.com/sven-seyfert/apiprobe/internal/loader/loader.go:172.33,175.3 2 0
github.com/sven-seyfert/apiprobe/internal/loader/loader.go:177.2,177.28 1 0
github.com/sven-seyfert/apiprobe/internal/loader/loader.go:183.52,193.42 2 0
github.com/sven-seyfert/apiprobe/internal/loader/loader.go:193.42,195.3 1 0
github.com/sven-seyfert/apiprobe/internal/loader/loader.go:197.2,197.83 1 0
github.com/sven-seyfert/apiprobe/internal/loader/loader.go:197.83,198.33 1 0
github.com/sven-seyfert/apiprobe/internal/loader/loader.go:198.33,202.76 2 0
github.com/sven-seyfert/apiprobe/internal/loader/loader.go:202.76,204.5 1 0
github.com/sven-seyfert/apiprobe/internal/loader/loader.go:206.4,206.49 1 0
github.com/sven-seyfert/apiprobe/internal/loader/loader.go:210.2,210.33 1 0
github.com/sven-seyfert/apiprobe/internal/loader/loader.go:210.33,212.3 1 0
github.com/sven-seyfert/apiprobe/internal/loader/loader.go:214.2,214.45 1 0
github.com/sven-seyfert/apiprobe/internal/loader/loader.go:214.45,216.3 1 0
github.com/sven-seyfert/apiprobe/internal/loader/loader.go:218.2,218.16 1 0
github.com/sven-seyfert/apiprobe/internal/loader/loader.go:223.47,228.83 3 0
github.com/sven-seyfert/apiprobe/internal/loader/loader.go:228.83,229.17 1 0
github.com/sven-seyfert/apiprobe/internal/loader/loader.go:229.17,233.4 2 0
github.com/sven-seyfert/apiprobe/internal/loader/loader.go:235.3,235.36 1 0
github.com/sven-seyfert/apiprobe/internal/loader/loader.go:235.36,237.22 2 0
github.com/sven-seyfert/apiprobe/internal/loader/loader.go:237.22,239.5 1 0
github.com/sven-seyfert/apiprobe/internal/loader/loader.go:241.4,241.47 1 0
github.com/sven-seyfert/apiprobe/internal/loader/loader.go:244.3,244.13 1 0
github.com/sven-seyfert/apiprobe/internal/loader/loader.go:247.2,247.22 1 0
github.com/sven-seyfert/apiprobe/internal/loader/loader.go:252.79,254.16 2 0
github.com/sven-seyfert/apiprobe/internal/loader/loader.go:254.16,258.3 2 0
github.com/sven-seyfert/apiprobe/internal/loader/loader.go:260.2,262.59 2 0
github.com/sven-seyfert/apiprobe/internal/loader/loader.go:262.59,266.3 2 0
github.com/sven-seyfert/apiprobe/internal/loader/loader.go:269.2,270.16 2 0
github.com/sven-seyfert/apiprobe/internal/loader/loader.go:270.16,274.3 2 0
github.com/sven-seyfert/apiprobe/internal/loader/loader.go:276.2,278.31 2 0
github.com/sven-seyfert/apiprobe/internal/loader/loader.go:278.31,281.3 2 0
github.com/sven-seyfert/apiprobe/internal/loader/loader.go:283.2,283.21 1 0
github.com/sven-seyfert/apiprobe/internal/logger/logger.go:16.19,22.58 5 0
github.com/sven-seyfert/apiprobe/internal/logger/logger.go:22.58,26.3 2 0
github.com/sven-seyfert/apiprobe/internal/logger/logger.go:29.2,36.16 5 0
github.com/sven-seyfert/apiprobe/internal/logger/logger.go:36.16,40.3 2 0
github.com/sven-seyfert/apiprobe/internal/logger/logger.go:43.2,45.12 2 0
github.com/sven-seyfert/apiprobe/internal/logger/logger.go:49.16,55.2 4 0
github.com/sven-seyfert/apiprobe/internal/logger/logger.go:58.49,60.2 1 0
github.com/sven-seyfert/apiprobe/internal/logger/logger.go:63.49,65.2 1 1
github.com/sven-seyfert/apiprobe/internal/logger/logger.go:68.48,70.2 1 0
github.com/sven-seyfert/apiprobe/internal/logger/logger.go:73.48,75.2 1 0
github.com/sven-seyfert/apiprobe/internal/logger/logger.go:78.49,80.2 1 0
github.com/sven-seyfert/apiprobe/internal/logger/logger.go:84.26,88.9 3 1
github.com/sven-seyfert/apiprobe/internal/logger/logger.go:88.9,90.3 1 0
github.com/sven-seyfert/apiprobe/internal/logger/logger.go:92.2,92.60 1 1
github.com/sven-seyfert/apiprobe/internal/report/notify.go:28.3,29.69 1 0
github.com/sven-seyfert/apiprobe/internal/report/notify.go:29.69,31.3 1 0
github.com/sven-seyfert/apiprobe/internal/report/notify.go:33.2,37.99 4 0
github.com/sven-seyfert/apiprobe/internal/report/notify.go:37.99,41.17 3 0
github.com/sven-seyfert/apiprobe/internal/report/notify.go:41.17,43.4 1 0
github.com/sven-seyfert/apiprobe/internal/report/notify.go:45.3,45.23 1 0
github.com/sven-seyfert/apiprobe/internal/report/notify.go:45.23,47.4 1 0
github.com/sven-seyfert/apiprobe/internal/report/notify.go:49.3,49.49 1 0
github.com/sven-seyfert/apiprobe/internal/report/notify.go:49.49,51.4 1 0
github.com/sven-seyfert/apiprobe/internal/report/notify.go:53.3,66.9 4 0
github.com/sven-seyfert/apiprobe/internal/report/notify.go:69.2,69.51 1 0
github.com/sven-seyfert/apiprobe/internal/report/notify.go:69.51,73.3 2 0
github.com/sven-seyfert/apiprobe/internal/report/notify.go:75.2,76.16 2 0
github.com/sven-seyfert/apiprobe/internal/report/notify.go:76.16,80.3 2 0
github.com/sven-seyfert/apiprobe/internal/report/notify.go:82.2,85.19 3 0
github.com/sven-seyfert/apiprobe/internal/report/notify.go:85.19,87.3 1 0
github.com/sven-seyfert/apiprobe/internal/report/notify.go:89.2,98.98 3 0
github.com/sven-seyfert/apiprobe/internal/report/notify.go:98.98,100.3 1 0
github.com/sven-seyfert/apiprobe/internal/report/notify.go:102.2,120.18 4 0
github.com/sven-seyfert/apiprobe/internal/report/notify.go:125.46,128.16 2 0
github.com/sven-seyfert/apiprobe/internal/report/notify.go:128.16,136.3 6 0
github.com/sven-seyfert/apiprobe/internal/report/notify.go:138.2,138.29 1 0
github.com/sven-seyfert/apiprobe/internal/report/notify.go:149.3,154.49 3 0
github.com/sven-seyfert/apiprobe/internal/report/notify.go:154.49,158.3 3 0
github.com/sven-seyfert/apiprobe/internal/report/notify.go:160.2,161.16 2 0
github.com/sven-seyfert/apiprobe/internal/report/notify.go:161.16,165.3 2 0
github.com/sven-seyfert/apiprobe/internal/report/notify.go:167.2,170.16 3 0
github.com/sven-seyfert/apiprobe/internal/report/notify.go:170.16,174.3 2 0
github.com/sven-seyfert/apiprobe/internal/report/notify.go:175.2,175.25 1 0
github.com/sven-seyfert/apiprobe/internal/report/report.go:20.48,22.2 1 0
github.com/sven-seyfert/apiprobe/internal/report/report.go:25.47,27.2 1 0
github.com/sven-seyfert/apiprobe/internal/report/report.go:30.48,32.2 1 0
github.com/sven-seyfert/apiprobe/internal/report/report.go:56.3,61.42 3 0
github.com/sven-seyfert/apiprobe/internal/report/report.go:61.42,63.3 1 0
github.com/sven-seyfert/apiprobe/internal/report/report.go:65.2,76.42 2 0
github.com/sven-seyfert/apiprobe/internal/report/report.go:81.52,83.16 2 0
github.com/sven-seyfert/apiprobe/internal/report/report.go:83.16,87.3 2 0
github.com/sven-seyfert/apiprobe/internal/report/report.go:88.2,93.41 4 0
github.com/sven-seyfert/apiprobe/internal/report/report.go:93.41,97.3 2 0
github.com/sven-seyfert/apiprobe/internal/report/report.go:99.2,99.12 1 0
github.com/sven-seyfert/apiprobe/internal/report/report.go:106.56,108.29 2 0
github.com/sven-seyfert/apiprobe/internal/report/report.go:108.29,110.3 1 0
github.com/sven-seyfert/apiprobe/internal/report/report.go:112.2,115.16 3 0
github.com/sven-seyfert/apiprobe/internal/report/report.go:115.16,119.3 2 0
github.com/sven-seyfert/apiprobe/internal/report/report.go:121.2,123.31 2 0
github.com/sven-seyfert/apiprobe/internal/report/report.go:129.52,133.16 3 0
github.com/sven-seyfert/apiprobe/internal/report/report.go:133.16,137.3 2 0
github.com/sven-seyfert/apiprobe/internal/report/report.go:138.2,145.43 5 0
github.com/sven-seyfert/apiprobe/internal/report/report.go:145.43,149.3 2 0
github.com/sven-seyfert/apiprobe/internal/report/report.go:151.2,151.12 1 0
github.com/sven-seyfert/apiprobe/internal/util/math.go:4.24,5.11 1 0
github.com/sven-seyfert/apiprobe/internal/util/math.go:5.11,7.3 1 0
github.com/sven-seyfert/apiprobe/internal/util/math.go:9.2,9.10 1 0
github.com/sven-seyfert/apiprobe/internal/util/querier.go:9.72,18.36 6 0
github.com/sven-seyfert/apiprobe/internal/util/querier.go:18.36,21.63 2 0
github.com/sven-seyfert/apiprobe/internal/util/querier.go:21.63,25.9 3 0
github.com/sven-seyfert/apiprobe/internal/util/querier.go:29.2,29.15 1 0
github.com/sven-seyfert/apiprobe/internal/util/querier.go:29.15,31.3 1 0
github.com/sven-seyfert/apiprobe/internal/util/querier.go:33.2,33.18 1 0
github.com/sven-seyfert/apiprobe/internal/util/string.go:7.38,13.2 4 0
github.com/sven-seyfert/apiprobe/internal/util/string.go:17.60,18.30 1 0
github.com/sven-seyfert/apiprobe/internal/util/string.go:18.30,19.72 1 0
github.com/sven-seyfert/apiprobe/internal/util/string.go:19.72,21.4 1 0
github.com/sven-seyfert/apiprobe/internal/util/string.go:24.2,24.14 1 0
